#-----------------------------------------------------------
# Vivado v2024.2 (64-bit)
# SW Build 5239630 on Fri Nov 08 22:35:27 MST 2024
# IP Build 5239520 on Sun Nov 10 16:12:51 MST 2024
# SharedData Build 5239561 on Fri Nov 08 14:39:27 MST 2024
# Start of session at: Tue May  6 22:58:17 2025
# Process ID         : 35060
# Current directory  : C:/De1/test/Digital_clock
# Command line       : vivado.exe -gui_launcher_event rodinguilauncherevent36300 C:\De1\test\Digital_clock\hodiny_v7.xpr
# Log file           : C:/De1/test/Digital_clock/vivado.log
# Journal file       : C:/De1/test/Digital_clock\vivado.jou
# Running On         : LAPTOP-CKUJ9UQ1
# Platform           : Windows Server 2016 or Windows 10
# Operating System   : 26100
# Processor Detail   : AMD Ryzen 5 5600H with Radeon Graphics         
# CPU Frequency      : 3294 MHz
# CPU Physical cores : 6
# CPU Logical cores  : 12
# Host memory        : 16541 MB
# Swap memory        : 10929 MB
# Total Virtual      : 27470 MB
# Available Virtual  : 2831 MB
#-----------------------------------------------------------
start_gui
open_project C:/De1/test/Digital_clock/hodiny_v7.xpr
INFO: [Project 1-313] Project file moved from 'C:/De1/project_final' since last save.
INFO: [filemgmt 56-3] Default IP Output Path : Could not find the directory 'C:/De1/test/Digital_clock/hodiny_v7.gen/sources_1'.
Scanning sources...
Finished scanning sources
INFO: [IP_Flow 19-234] Refreshing IP repositories
INFO: [IP_Flow 19-1704] No user IP repositories specified
INFO: [IP_Flow 19-2313] Loaded Vivado IP repository 'C:/Xilinx/Vivado/2024.2/data/ip'.
open_project: Time (s): cpu = 00:00:22 ; elapsed = 00:00:12 . Memory (MB): peak = 1194.879 ; gain = 130.059
reset_project
exit
INFO: [Common 17-206] Exiting Vivado at Tue May  6 22:59:56 2025...
