#-----------------------------------------------------------
# Vivado v2024.2 (64-bit)
# SW Build 5239630 on Fri Nov 08 22:35:27 MST 2024
# IP Build 5239520 on Sun Nov 10 16:12:51 MST 2024
# SharedData Build 5239561 on Fri Nov 08 14:39:27 MST 2024
# Start of session at: Mon May  5 13:27:33 2025
# Process ID         : 23660
# Current directory  : C:/De1/project_final
# Command line       : vivado.exe -gui_launcher_event rodinguilauncherevent19348 C:\De1\project_final\hodiny_v7.xpr
# Log file           : C:/De1/project_final/vivado.log
# Journal file       : C:/De1/project_final\vivado.jou
# Running On         : LAPTOP-CKUJ9UQ1
# Platform           : Windows Server 2016 or Windows 10
# Operating System   : 26100
# Processor Detail   : AMD Ryzen 5 5600H with Radeon Graphics         
# CPU Frequency      : 3294 MHz
# CPU Physical cores : 6
# CPU Logical cores  : 12
# Host memory        : 16541 MB
# Swap memory        : 8388 MB
# Total Virtual      : 24930 MB
# Available Virtual  : 7360 MB
#-----------------------------------------------------------
start_gui
open_project C:/De1/project_final/hodiny_v7.xpr
INFO: [filemgmt 56-3] Default IP Output Path : Could not find the directory 'C:/De1/project_final/hodiny_v7.gen/sources_1'.
Scanning sources...
Finished scanning sources
INFO: [IP_Flow 19-234] Refreshing IP repositories
INFO: [IP_Flow 19-1704] No user IP repositories specified
INFO: [IP_Flow 19-2313] Loaded Vivado IP repository 'C:/Xilinx/Vivado/2024.2/data/ip'.
open_project: Time (s): cpu = 00:00:09 ; elapsed = 00:00:05 . Memory (MB): peak = 1178.828 ; gain = 112.664
reset_run synth_1
launch_runs impl_1 -to_step write_bitstream -jobs 6
[Mon May  5 13:28:30 2025] Launched synth_1...
Run output will be captured here: C:/De1/project_final/hodiny_v7.runs/synth_1/runme.log
[Mon May  5 13:28:30 2025] Launched impl_1...
Run output will be captured here: C:/De1/project_final/hodiny_v7.runs/impl_1/runme.log
reset_run synth_1
launch_runs impl_1 -to_step write_bitstream -jobs 6
[Mon May  5 13:30:06 2025] Launched synth_1...
Run output will be captured here: C:/De1/project_final/hodiny_v7.runs/synth_1/runme.log
[Mon May  5 13:30:06 2025] Launched impl_1...
Run output will be captured here: C:/De1/project_final/hodiny_v7.runs/impl_1/runme.log
reset_run synth_1
launch_runs impl_1 -to_step write_bitstream -jobs 6
[Mon May  5 13:32:32 2025] Launched synth_1...
Run output will be captured here: C:/De1/project_final/hodiny_v7.runs/synth_1/runme.log
[Mon May  5 13:32:32 2025] Launched impl_1...
Run output will be captured here: C:/De1/project_final/hodiny_v7.runs/impl_1/runme.log
exit
INFO: [Common 17-206] Exiting Vivado at Mon May  5 13:34:08 2025...
