#-----------------------------------------------------------
# Vivado v2024.2 (64-bit)
# SW Build 5239630 on Fri Nov 08 22:35:27 MST 2024
# IP Build 5239520 on Sun Nov 10 16:12:51 MST 2024
# SharedData Build 5239561 on Fri Nov 08 14:39:27 MST 2024
# Start of session at: Wed Apr 23 16:28:33 2025
# Process ID         : 16272
# Current directory  : C:/Users/dejvi/OneDrive/Plocha/FEKT VUT/2. letn/DE1/Hodiny v5
# Command line       : vivado.exe -gui_launcher_event rodinguilauncherevent7768 C:\Users\dejvi\OneDrive\Plocha\FEKT VUT\2. letn\DE1\Hodiny v5\Hodiny v5.xpr
# Log file           : C:/Users/dejvi/OneDrive/Plocha/FEKT VUT/2. letn/DE1/Hodiny v5/vivado.log
# Journal file       : C:/Users/dejvi/OneDrive/Plocha/FEKT VUT/2. letn/DE1/Hodiny v5\vivado.jou
# Running On         : AsusZenBook03
# Platform           : Windows Server 2016 or Windows 10
# Operating System   : 19045
# Processor Detail   : Intel(R) Core(TM) i7-10510U CPU @ 1.80GHz
# CPU Frequency      : 2304 MHz
# CPU Physical cores : 4
# CPU Logical cores  : 8
# Host memory        : 16968 MB
# Swap memory        : 2550 MB
# Total Virtual      : 19518 MB
# Available Virtual  : 14314 MB
#-----------------------------------------------------------
start_gui
open_project {C:/Users/dejvi/OneDrive/Plocha/FEKT VUT/2. letn/DE1/Hodiny v5/Hodiny v5.xpr}
WARNING: [Board 49-26] cannot add Board Part xilinx.com:zcu208ld:part0:2.0 available at C:/INSTALLED/Vivado/2024.2/data/xhub/boards/XilinxBoardStore/boards/Xilinx/zcu208ld/production/2.0/board.xml as part xczu58dr-fsvg1517-2-i specified in board_part file is either invalid or not available
WARNING: [Board 49-26] cannot add Board Part xilinx.com:zcu216ld:part0:2.0 available at C:/INSTALLED/Vivado/2024.2/data/xhub/boards/XilinxBoardStore/boards/Xilinx/zcu216ld/production/2.0/board.xml as part xczu59dr-ffvf1760-2-i specified in board_part file is either invalid or not available
WARNING: [Board 49-26] cannot add Board Part xilinx.com:zcu670ld:part0:1.0 available at C:/INSTALLED/Vivado/2024.2/data/xhub/boards/XilinxBoardStore/boards/Xilinx/zcu670ld/1.0/board.xml as part xczu57dr-fsve1156-2-i specified in board_part file is either invalid or not available
INFO: [filemgmt 56-3] Default IP Output Path : Could not find the directory 'C:/Users/dejvi/OneDrive/Plocha/FEKT VUT/2. letn/DE1/Hodiny v5/Hodiny v5.gen/sources_1'.
Scanning sources...
Finished scanning sources
INFO: [IP_Flow 19-234] Refreshing IP repositories
INFO: [IP_Flow 19-1704] No user IP repositories specified
INFO: [IP_Flow 19-2313] Loaded Vivado IP repository 'C:/INSTALLED/Vivado/2024.2/data/ip'.
open_project: Time (s): cpu = 00:00:17 ; elapsed = 00:00:08 . Memory (MB): peak = 1359.891 ; gain = 255.207
launch_runs synth_1 -jobs 4
[Wed Apr 23 16:29:41 2025] Launched synth_1...
Run output will be captured here: C:/Users/dejvi/OneDrive/Plocha/FEKT VUT/2. letn/DE1/Hodiny v5/Hodiny v5.runs/synth_1/runme.log
launch_runs impl_1 -jobs 4
[Wed Apr 23 16:30:55 2025] Launched impl_1...
Run output will be captured here: C:/Users/dejvi/OneDrive/Plocha/FEKT VUT/2. letn/DE1/Hodiny v5/Hodiny v5.runs/impl_1/runme.log
synth_design -rtl -rtl_skip_mlo -name rtl_1 -rtl_skip_ip -rtl_skip_constraints
Command: synth_design -rtl -rtl_skip_mlo -name rtl_1 -rtl_skip_ip -rtl_skip_constraints
Starting synth_design
Using part: xc7a50ticsg324-1L
Top: top_level
INFO: [Device 21-403] Loading part xc7a50ticsg324-1L
INFO: [Synth 8-7079] Multithreading enabled for synth_design using a maximum of 2 processes.
INFO: [Synth 8-7078] Launching helper process for spawning children vivado processes
INFO: [Synth 8-7075] Helper process launched with PID 2396
---------------------------------------------------------------------------------
Starting RTL Elaboration : Time (s): cpu = 00:00:06 ; elapsed = 00:00:06 . Memory (MB): peak = 2028.941 ; gain = 454.855
---------------------------------------------------------------------------------
INFO: [Synth 8-638] synthesizing module 'top_level' [C:/Users/dejvi/OneDrive/Plocha/FEKT VUT/2. letn/DE1/Hodiny v5/Hodiny v5.srcs/sources_1/new/toplevel.vhd:22]
INFO: [Synth 8-3491] module 'delicka_1Hz' declared at 'C:/Users/dejvi/OneDrive/Plocha/FEKT VUT/2. letn/DE1/Hodiny v5/Hodiny v5.srcs/sources_1/new/delicka_1Hz.vhd:5' bound to instance 'delicka_1Hz_inst' of component 'delicka_1Hz' [C:/Users/dejvi/OneDrive/Plocha/FEKT VUT/2. letn/DE1/Hodiny v5/Hodiny v5.srcs/sources_1/new/toplevel.vhd:178]
INFO: [Synth 8-638] synthesizing module 'delicka_1Hz' [C:/Users/dejvi/OneDrive/Plocha/FEKT VUT/2. letn/DE1/Hodiny v5/Hodiny v5.srcs/sources_1/new/delicka_1Hz.vhd:13]
INFO: [Synth 8-256] done synthesizing module 'delicka_1Hz' (0#1) [C:/Users/dejvi/OneDrive/Plocha/FEKT VUT/2. letn/DE1/Hodiny v5/Hodiny v5.srcs/sources_1/new/delicka_1Hz.vhd:13]
INFO: [Synth 8-3491] module 'delicka_1000Hz' declared at 'C:/Users/dejvi/OneDrive/Plocha/FEKT VUT/2. letn/DE1/Hodiny v5/Hodiny v5.srcs/sources_1/new/delicka_1000Hz.vhd:5' bound to instance 'delicka_1000Hz_inst' of component 'delicka_1000Hz' [C:/Users/dejvi/OneDrive/Plocha/FEKT VUT/2. letn/DE1/Hodiny v5/Hodiny v5.srcs/sources_1/new/toplevel.vhd:185]
INFO: [Synth 8-638] synthesizing module 'delicka_1000Hz' [C:/Users/dejvi/OneDrive/Plocha/FEKT VUT/2. letn/DE1/Hodiny v5/Hodiny v5.srcs/sources_1/new/delicka_1000Hz.vhd:13]
INFO: [Synth 8-256] done synthesizing module 'delicka_1000Hz' (0#1) [C:/Users/dejvi/OneDrive/Plocha/FEKT VUT/2. letn/DE1/Hodiny v5/Hodiny v5.srcs/sources_1/new/delicka_1000Hz.vhd:13]
INFO: [Synth 8-3491] module 'delicka_20Hz' declared at 'C:/Users/dejvi/OneDrive/Plocha/FEKT VUT/2. letn/DE1/Hodiny v5/Hodiny v5.srcs/sources_1/new/delicka_20Hz.vhd:5' bound to instance 'delicka_20Hz_inst' of component 'delicka_20Hz' [C:/Users/dejvi/OneDrive/Plocha/FEKT VUT/2. letn/DE1/Hodiny v5/Hodiny v5.srcs/sources_1/new/toplevel.vhd:191]
INFO: [Synth 8-638] synthesizing module 'delicka_20Hz' [C:/Users/dejvi/OneDrive/Plocha/FEKT VUT/2. letn/DE1/Hodiny v5/Hodiny v5.srcs/sources_1/new/delicka_20Hz.vhd:13]
INFO: [Synth 8-256] done synthesizing module 'delicka_20Hz' (0#1) [C:/Users/dejvi/OneDrive/Plocha/FEKT VUT/2. letn/DE1/Hodiny v5/Hodiny v5.srcs/sources_1/new/delicka_20Hz.vhd:13]
INFO: [Synth 8-3491] module 'hodiny_top' declared at 'C:/Users/dejvi/OneDrive/Plocha/FEKT VUT/2. letn/DE1/Hodiny v5/Hodiny v5.srcs/sources_1/new/hodiny_top.vhd:5' bound to instance 'hodiny_top_inst' of component 'hodiny_top' [C:/Users/dejvi/OneDrive/Plocha/FEKT VUT/2. letn/DE1/Hodiny v5/Hodiny v5.srcs/sources_1/new/toplevel.vhd:198]
INFO: [Synth 8-638] synthesizing module 'hodiny_top' [C:/Users/dejvi/OneDrive/Plocha/FEKT VUT/2. letn/DE1/Hodiny v5/Hodiny v5.srcs/sources_1/new/hodiny_top.vhd:22]
INFO: [Synth 8-3491] module 'KO' declared at 'C:/Users/dejvi/OneDrive/Plocha/FEKT VUT/2. letn/DE1/Hodiny v5/Hodiny v5.srcs/sources_1/new/KO.vhd:5' bound to instance 'KO_inst' of component 'KO' [C:/Users/dejvi/OneDrive/Plocha/FEKT VUT/2. letn/DE1/Hodiny v5/Hodiny v5.srcs/sources_1/new/hodiny_top.vhd:98]
INFO: [Synth 8-638] synthesizing module 'KO' [C:/Users/dejvi/OneDrive/Plocha/FEKT VUT/2. letn/DE1/Hodiny v5/Hodiny v5.srcs/sources_1/new/KO.vhd:20]
WARNING: [Synth 8-614] signal 'SW' is read in the process but is not in the sensitivity list [C:/Users/dejvi/OneDrive/Plocha/FEKT VUT/2. letn/DE1/Hodiny v5/Hodiny v5.srcs/sources_1/new/KO.vhd:24]
WARNING: [Synth 8-614] signal 'BTN_U' is read in the process but is not in the sensitivity list [C:/Users/dejvi/OneDrive/Plocha/FEKT VUT/2. letn/DE1/Hodiny v5/Hodiny v5.srcs/sources_1/new/KO.vhd:24]
WARNING: [Synth 8-614] signal 'BTN_D' is read in the process but is not in the sensitivity list [C:/Users/dejvi/OneDrive/Plocha/FEKT VUT/2. letn/DE1/Hodiny v5/Hodiny v5.srcs/sources_1/new/KO.vhd:24]
WARNING: [Synth 8-614] signal 'BTN_R' is read in the process but is not in the sensitivity list [C:/Users/dejvi/OneDrive/Plocha/FEKT VUT/2. letn/DE1/Hodiny v5/Hodiny v5.srcs/sources_1/new/KO.vhd:24]
WARNING: [Synth 8-614] signal 'BTN_R_prev' is read in the process but is not in the sensitivity list [C:/Users/dejvi/OneDrive/Plocha/FEKT VUT/2. letn/DE1/Hodiny v5/Hodiny v5.srcs/sources_1/new/KO.vhd:24]
WARNING: [Synth 8-614] signal 'cnt' is read in the process but is not in the sensitivity list [C:/Users/dejvi/OneDrive/Plocha/FEKT VUT/2. letn/DE1/Hodiny v5/Hodiny v5.srcs/sources_1/new/KO.vhd:24]
INFO: [Synth 8-256] done synthesizing module 'KO' (0#1) [C:/Users/dejvi/OneDrive/Plocha/FEKT VUT/2. letn/DE1/Hodiny v5/Hodiny v5.srcs/sources_1/new/KO.vhd:20]
INFO: [Synth 8-3491] module 'SecondsCounter' declared at 'C:/Users/dejvi/OneDrive/Plocha/FEKT VUT/2. letn/DE1/Hodiny v5/Hodiny v5.srcs/sources_1/new/sekundy.vhd:5' bound to instance 'second_counter_inst' of component 'SecondsCounter' [C:/Users/dejvi/OneDrive/Plocha/FEKT VUT/2. letn/DE1/Hodiny v5/Hodiny v5.srcs/sources_1/new/hodiny_top.vhd:112]
INFO: [Synth 8-638] synthesizing module 'SecondsCounter' [C:/Users/dejvi/OneDrive/Plocha/FEKT VUT/2. letn/DE1/Hodiny v5/Hodiny v5.srcs/sources_1/new/sekundy.vhd:18]
INFO: [Synth 8-256] done synthesizing module 'SecondsCounter' (0#1) [C:/Users/dejvi/OneDrive/Plocha/FEKT VUT/2. letn/DE1/Hodiny v5/Hodiny v5.srcs/sources_1/new/sekundy.vhd:18]
INFO: [Synth 8-3491] module 'MinutesCounter' declared at 'C:/Users/dejvi/OneDrive/Plocha/FEKT VUT/2. letn/DE1/Hodiny v5/Hodiny v5.srcs/sources_1/new/minuty.vhd:5' bound to instance 'minutes_counter_inst' of component 'MinutesCounter' [C:/Users/dejvi/OneDrive/Plocha/FEKT VUT/2. letn/DE1/Hodiny v5/Hodiny v5.srcs/sources_1/new/hodiny_top.vhd:124]
INFO: [Synth 8-638] synthesizing module 'MinutesCounter' [C:/Users/dejvi/OneDrive/Plocha/FEKT VUT/2. letn/DE1/Hodiny v5/Hodiny v5.srcs/sources_1/new/minuty.vhd:18]
INFO: [Synth 8-256] done synthesizing module 'MinutesCounter' (0#1) [C:/Users/dejvi/OneDrive/Plocha/FEKT VUT/2. letn/DE1/Hodiny v5/Hodiny v5.srcs/sources_1/new/minuty.vhd:18]
INFO: [Synth 8-3491] module 'HoursCounter' declared at 'C:/Users/dejvi/OneDrive/Plocha/FEKT VUT/2. letn/DE1/Hodiny v5/Hodiny v5.srcs/sources_1/new/Hodiny.vhd:5' bound to instance 'hours_counter_inst' of component 'HoursCounter' [C:/Users/dejvi/OneDrive/Plocha/FEKT VUT/2. letn/DE1/Hodiny v5/Hodiny v5.srcs/sources_1/new/hodiny_top.vhd:136]
INFO: [Synth 8-638] synthesizing module 'HoursCounter' [C:/Users/dejvi/OneDrive/Plocha/FEKT VUT/2. letn/DE1/Hodiny v5/Hodiny v5.srcs/sources_1/new/Hodiny.vhd:18]
INFO: [Synth 8-256] done synthesizing module 'HoursCounter' (0#1) [C:/Users/dejvi/OneDrive/Plocha/FEKT VUT/2. letn/DE1/Hodiny v5/Hodiny v5.srcs/sources_1/new/Hodiny.vhd:18]
INFO: [Synth 8-256] done synthesizing module 'hodiny_top' (0#1) [C:/Users/dejvi/OneDrive/Plocha/FEKT VUT/2. letn/DE1/Hodiny v5/Hodiny v5.srcs/sources_1/new/hodiny_top.vhd:22]
INFO: [Synth 8-3491] module 'hodiny_top' declared at 'C:/Users/dejvi/OneDrive/Plocha/FEKT VUT/2. letn/DE1/Hodiny v5/Hodiny v5.srcs/sources_1/new/hodiny_top.vhd:5' bound to instance 'alarm_top_inst' of component 'hodiny_top' [C:/Users/dejvi/OneDrive/Plocha/FEKT VUT/2. letn/DE1/Hodiny v5/Hodiny v5.srcs/sources_1/new/toplevel.vhd:214]
INFO: [Synth 8-3491] module 'stopwatch_controller' declared at 'C:/Users/dejvi/OneDrive/Plocha/FEKT VUT/2. letn/DE1/Hodiny v5/Hodiny v5.srcs/sources_1/new/stopwatch_controller.vhd:4' bound to instance 'stopwatch_cont_inst' of component 'stopwatch_controller' [C:/Users/dejvi/OneDrive/Plocha/FEKT VUT/2. letn/DE1/Hodiny v5/Hodiny v5.srcs/sources_1/new/toplevel.vhd:230]
INFO: [Synth 8-638] synthesizing module 'stopwatch_controller' [C:/Users/dejvi/OneDrive/Plocha/FEKT VUT/2. letn/DE1/Hodiny v5/Hodiny v5.srcs/sources_1/new/stopwatch_controller.vhd:13]
WARNING: [Synth 8-2897] clock signal used as data [C:/Users/dejvi/OneDrive/Plocha/FEKT VUT/2. letn/DE1/Hodiny v5/Hodiny v5.srcs/sources_1/new/stopwatch_controller.vhd:33]
INFO: [Synth 8-256] done synthesizing module 'stopwatch_controller' (0#1) [C:/Users/dejvi/OneDrive/Plocha/FEKT VUT/2. letn/DE1/Hodiny v5/Hodiny v5.srcs/sources_1/new/stopwatch_controller.vhd:13]
INFO: [Synth 8-3491] module 'hodiny_top' declared at 'C:/Users/dejvi/OneDrive/Plocha/FEKT VUT/2. letn/DE1/Hodiny v5/Hodiny v5.srcs/sources_1/new/hodiny_top.vhd:5' bound to instance 'stopwatch_top_inst' of component 'hodiny_top' [C:/Users/dejvi/OneDrive/Plocha/FEKT VUT/2. letn/DE1/Hodiny v5/Hodiny v5.srcs/sources_1/new/toplevel.vhd:238]
INFO: [Synth 8-3491] module 'selector' declared at 'C:/Users/dejvi/OneDrive/Plocha/FEKT VUT/2. letn/DE1/project_1/project_1.srcs/sources_1/new/selector.vhd:4' bound to instance 'selector_inst' of component 'selector' [C:/Users/dejvi/OneDrive/Plocha/FEKT VUT/2. letn/DE1/Hodiny v5/Hodiny v5.srcs/sources_1/new/toplevel.vhd:254]
INFO: [Synth 8-638] synthesizing module 'selector' [C:/Users/dejvi/OneDrive/Plocha/FEKT VUT/2. letn/DE1/project_1/project_1.srcs/sources_1/new/selector.vhd:22]
INFO: [Synth 8-256] done synthesizing module 'selector' (0#1) [C:/Users/dejvi/OneDrive/Plocha/FEKT VUT/2. letn/DE1/project_1/project_1.srcs/sources_1/new/selector.vhd:22]
INFO: [Synth 8-3491] module 'signal_control' declared at 'C:/Users/dejvi/OneDrive/Plocha/FEKT VUT/2. letn/DE1/Hodiny v5/Hodiny v5.srcs/sources_1/new/out_time.vhd:5' bound to instance 'signal_control_inst' of component 'signal_control' [C:/Users/dejvi/OneDrive/Plocha/FEKT VUT/2. letn/DE1/Hodiny v5/Hodiny v5.srcs/sources_1/new/toplevel.vhd:272]
INFO: [Synth 8-638] synthesizing module 'signal_control' [C:/Users/dejvi/OneDrive/Plocha/FEKT VUT/2. letn/DE1/Hodiny v5/Hodiny v5.srcs/sources_1/new/out_time.vhd:24]
INFO: [Synth 8-256] done synthesizing module 'signal_control' (0#1) [C:/Users/dejvi/OneDrive/Plocha/FEKT VUT/2. letn/DE1/Hodiny v5/Hodiny v5.srcs/sources_1/new/out_time.vhd:24]
INFO: [Synth 8-3491] module 'alarm_comp' declared at 'C:/Users/dejvi/OneDrive/Plocha/FEKT VUT/2. letn/DE1/Hodiny v5/Hodiny v5.srcs/sources_1/new/alarm_comp.vhd:5' bound to instance 'ala_comp_inst' of component 'alarm_comp' [C:/Users/dejvi/OneDrive/Plocha/FEKT VUT/2. letn/DE1/Hodiny v5/Hodiny v5.srcs/sources_1/new/toplevel.vhd:294]
INFO: [Synth 8-638] synthesizing module 'alarm_comp' [C:/Users/dejvi/OneDrive/Plocha/FEKT VUT/2. letn/DE1/Hodiny v5/Hodiny v5.srcs/sources_1/new/alarm_comp.vhd:18]
WARNING: [Synth 8-614] signal 'SW_ON' is read in the process but is not in the sensitivity list [C:/Users/dejvi/OneDrive/Plocha/FEKT VUT/2. letn/DE1/Hodiny v5/Hodiny v5.srcs/sources_1/new/alarm_comp.vhd:21]
INFO: [Synth 8-256] done synthesizing module 'alarm_comp' (0#1) [C:/Users/dejvi/OneDrive/Plocha/FEKT VUT/2. letn/DE1/Hodiny v5/Hodiny v5.srcs/sources_1/new/alarm_comp.vhd:18]
INFO: [Synth 8-3491] module 'bin2seg_digclk' declared at 'C:/Users/dejvi/OneDrive/Plocha/FEKT VUT/2. letn/DE1/Hodiny v5/Hodiny v5.srcs/sources_1/new/zobrazeni.vhd:5' bound to instance 'bin2seg_digclk_inst' of component 'bin2seg_digclk' [C:/Users/dejvi/OneDrive/Plocha/FEKT VUT/2. letn/DE1/Hodiny v5/Hodiny v5.srcs/sources_1/new/toplevel.vhd:308]
INFO: [Synth 8-638] synthesizing module 'bin2seg_digclk' [C:/Users/dejvi/OneDrive/Plocha/FEKT VUT/2. letn/DE1/Hodiny v5/Hodiny v5.srcs/sources_1/new/zobrazeni.vhd:19]
WARNING: [Synth 8-6044] Case expression and choice expression width mismatch, Case expression is 3 wide and choice expression is 2 wide [C:/Users/dejvi/OneDrive/Plocha/FEKT VUT/2. letn/DE1/Hodiny v5/Hodiny v5.srcs/sources_1/new/zobrazeni.vhd:58]
WARNING: [Synth 8-6044] Case expression and choice expression width mismatch, Case expression is 3 wide and choice expression is 2 wide [C:/Users/dejvi/OneDrive/Plocha/FEKT VUT/2. letn/DE1/Hodiny v5/Hodiny v5.srcs/sources_1/new/zobrazeni.vhd:59]
WARNING: [Synth 8-6044] Case expression and choice expression width mismatch, Case expression is 3 wide and choice expression is 2 wide [C:/Users/dejvi/OneDrive/Plocha/FEKT VUT/2. letn/DE1/Hodiny v5/Hodiny v5.srcs/sources_1/new/zobrazeni.vhd:60]
WARNING: [Synth 8-614] signal 'digit_idx' is read in the process but is not in the sensitivity list [C:/Users/dejvi/OneDrive/Plocha/FEKT VUT/2. letn/DE1/Hodiny v5/Hodiny v5.srcs/sources_1/new/zobrazeni.vhd:99]
WARNING: [Synth 8-614] signal 'blink_en' is read in the process but is not in the sensitivity list [C:/Users/dejvi/OneDrive/Plocha/FEKT VUT/2. letn/DE1/Hodiny v5/Hodiny v5.srcs/sources_1/new/zobrazeni.vhd:99]
WARNING: [Synth 8-614] signal 'hour_bcd_hi' is read in the process but is not in the sensitivity list [C:/Users/dejvi/OneDrive/Plocha/FEKT VUT/2. letn/DE1/Hodiny v5/Hodiny v5.srcs/sources_1/new/zobrazeni.vhd:99]
WARNING: [Synth 8-614] signal 'hour_bcd_lo' is read in the process but is not in the sensitivity list [C:/Users/dejvi/OneDrive/Plocha/FEKT VUT/2. letn/DE1/Hodiny v5/Hodiny v5.srcs/sources_1/new/zobrazeni.vhd:99]
WARNING: [Synth 8-614] signal 'min_bcd_hi' is read in the process but is not in the sensitivity list [C:/Users/dejvi/OneDrive/Plocha/FEKT VUT/2. letn/DE1/Hodiny v5/Hodiny v5.srcs/sources_1/new/zobrazeni.vhd:99]
WARNING: [Synth 8-614] signal 'min_bcd_lo' is read in the process but is not in the sensitivity list [C:/Users/dejvi/OneDrive/Plocha/FEKT VUT/2. letn/DE1/Hodiny v5/Hodiny v5.srcs/sources_1/new/zobrazeni.vhd:99]
WARNING: [Synth 8-614] signal 'sec_bcd_hi' is read in the process but is not in the sensitivity list [C:/Users/dejvi/OneDrive/Plocha/FEKT VUT/2. letn/DE1/Hodiny v5/Hodiny v5.srcs/sources_1/new/zobrazeni.vhd:99]
WARNING: [Synth 8-614] signal 'sec_bcd_lo' is read in the process but is not in the sensitivity list [C:/Users/dejvi/OneDrive/Plocha/FEKT VUT/2. letn/DE1/Hodiny v5/Hodiny v5.srcs/sources_1/new/zobrazeni.vhd:99]
INFO: [Synth 8-256] done synthesizing module 'bin2seg_digclk' (0#1) [C:/Users/dejvi/OneDrive/Plocha/FEKT VUT/2. letn/DE1/Hodiny v5/Hodiny v5.srcs/sources_1/new/zobrazeni.vhd:19]
INFO: [Synth 8-256] done synthesizing module 'top_level' (0#1) [C:/Users/dejvi/OneDrive/Plocha/FEKT VUT/2. letn/DE1/Hodiny v5/Hodiny v5.srcs/sources_1/new/toplevel.vhd:22]
WARNING: [Synth 8-7129] Port clk20Hz in module KO is either unconnected or has no load
---------------------------------------------------------------------------------
Finished RTL Elaboration : Time (s): cpu = 00:00:08 ; elapsed = 00:00:07 . Memory (MB): peak = 2141.430 ; gain = 567.344
---------------------------------------------------------------------------------
---------------------------------------------------------------------------------
Start Handling Custom Attributes
---------------------------------------------------------------------------------
---------------------------------------------------------------------------------
Finished Handling Custom Attributes : Time (s): cpu = 00:00:08 ; elapsed = 00:00:08 . Memory (MB): peak = 2141.430 ; gain = 567.344
---------------------------------------------------------------------------------
---------------------------------------------------------------------------------
Finished RTL Optimization Phase 1 : Time (s): cpu = 00:00:08 ; elapsed = 00:00:08 . Memory (MB): peak = 2141.430 ; gain = 567.344
---------------------------------------------------------------------------------
Netlist sorting complete. Time (s): cpu = 00:00:00 ; elapsed = 00:00:00.011 . Memory (MB): peak = 2141.430 ; gain = 0.000
INFO: [Project 1-570] Preparing netlist for logic optimization
Netlist sorting complete. Time (s): cpu = 00:00:00 ; elapsed = 00:00:00 . Memory (MB): peak = 2141.430 ; gain = 0.000
INFO: [Project 1-111] Unisim Transformation Summary:
No Unisim elements were transformed.

RTL Elaboration Complete:  : Time (s): cpu = 00:00:19 ; elapsed = 00:00:12 . Memory (MB): peak = 2252.801 ; gain = 678.715
49 Infos, 20 Warnings, 0 Critical Warnings and 0 Errors encountered.
synth_design completed successfully
synth_design: Time (s): cpu = 00:00:21 ; elapsed = 00:00:15 . Memory (MB): peak = 2252.801 ; gain = 848.164
save_project_as {Hodiny v6} {C:/Users/dejvi/OneDrive/Plocha/FEKT VUT/2. letn/DE1/Hodiny v6} -force
WARNING: [filemgmt 56-199] Attempt to get parsing info during refresh. "On-the-fly" syntax checking information may be incorrect. [C:\Users\dejvi\OneDrive\Plocha\FEKT VUT\2. letn\DE1\Hodiny v6\Hodiny v6.srcs\sources_1\new\sekundy.vhd:]
WARNING: [filemgmt 56-199] Attempt to get parsing info during refresh. "On-the-fly" syntax checking information may be incorrect. [C:\Users\dejvi\OneDrive\Plocha\FEKT VUT\2. letn\DE1\Hodiny v6\Hodiny v6.srcs\sources_1\new\minuty.vhd:]
WARNING: [filemgmt 56-199] Attempt to get parsing info during refresh. "On-the-fly" syntax checking information may be incorrect. [C:\Users\dejvi\OneDrive\Plocha\FEKT VUT\2. letn\DE1\Hodiny v6\Hodiny v6.srcs\sources_1\new\Hodiny.vhd:]
WARNING: [filemgmt 56-199] Attempt to get parsing info during refresh. "On-the-fly" syntax checking information may be incorrect. [C:\Users\dejvi\OneDrive\Plocha\FEKT VUT\2. letn\DE1\Hodiny v6\Hodiny v6.srcs\sources_1\new\minuty.vhd:]
WARNING: [filemgmt 56-199] Attempt to get parsing info during refresh. "On-the-fly" syntax checking information may be incorrect. [C:\Users\dejvi\OneDrive\Plocha\FEKT VUT\2. letn\DE1\Hodiny v6\Hodiny v6.srcs\sources_1\new\minuty.vhd:]
WARNING: [filemgmt 56-199] Attempt to get parsing info during refresh. "On-the-fly" syntax checking information may be incorrect. [C:\Users\dejvi\OneDrive\Plocha\FEKT VUT\2. letn\DE1\Hodiny v6\Hodiny v6.srcs\sources_1\new\sekundy.vhd:]
WARNING: [filemgmt 56-199] Attempt to get parsing info during refresh. "On-the-fly" syntax checking information may be incorrect. [C:\Users\dejvi\OneDrive\Plocha\FEKT VUT\2. letn\DE1\Hodiny v6\Hodiny v6.srcs\sources_1\new\minuty.vhd:]
WARNING: [filemgmt 56-199] Attempt to get parsing info during refresh. "On-the-fly" syntax checking information may be incorrect. [C:\Users\dejvi\OneDrive\Plocha\FEKT VUT\2. letn\DE1\Hodiny v6\Hodiny v6.srcs\sources_1\new\Hodiny.vhd:]
WARNING: [filemgmt 56-199] Attempt to get parsing info during refresh. "On-the-fly" syntax checking information may be incorrect. [C:\Users\dejvi\OneDrive\Plocha\FEKT VUT\2. letn\DE1\Hodiny v6\Hodiny v6.srcs\sources_1\new\sekundy.vhd:]
WARNING: [filemgmt 56-199] Attempt to get parsing info during refresh. "On-the-fly" syntax checking information may be incorrect. [C:\Users\dejvi\OneDrive\Plocha\FEKT VUT\2. letn\DE1\Hodiny v6\Hodiny v6.srcs\sources_1\new\sekundy.vhd:]
WARNING: [filemgmt 56-199] Attempt to get parsing info during refresh. "On-the-fly" syntax checking information may be incorrect. [C:\Users\dejvi\OneDrive\Plocha\FEKT VUT\2. letn\DE1\Hodiny v6\Hodiny v6.srcs\sources_1\new\sekundy.vhd:]
WARNING: [filemgmt 56-199] Attempt to get parsing info during refresh. "On-the-fly" syntax checking information may be incorrect. [C:\Users\dejvi\OneDrive\Plocha\FEKT VUT\2. letn\DE1\Hodiny v6\Hodiny v6.srcs\sources_1\new\minuty.vhd:]
WARNING: [filemgmt 56-199] Attempt to get parsing info during refresh. "On-the-fly" syntax checking information may be incorrect. [C:\Users\dejvi\OneDrive\Plocha\FEKT VUT\2. letn\DE1\Hodiny v6\Hodiny v6.srcs\sources_1\new\Hodiny.vhd:]
WARNING: [filemgmt 56-199] Attempt to get parsing info during refresh. "On-the-fly" syntax checking information may be incorrect. [C:\Users\dejvi\OneDrive\Plocha\FEKT VUT\2. letn\DE1\Hodiny v6\Hodiny v6.srcs\sources_1\new\minuty.vhd:]
WARNING: [filemgmt 56-199] Attempt to get parsing info during refresh. "On-the-fly" syntax checking information may be incorrect. [C:\Users\dejvi\OneDrive\Plocha\FEKT VUT\2. letn\DE1\Hodiny v6\Hodiny v6.srcs\sources_1\new\minuty.vhd:]
WARNING: [filemgmt 56-199] Attempt to get parsing info during refresh. "On-the-fly" syntax checking information may be incorrect. [C:\Users\dejvi\OneDrive\Plocha\FEKT VUT\2. letn\DE1\Hodiny v6\Hodiny v6.srcs\sources_1\new\sekundy.vhd:]
WARNING: [filemgmt 56-199] Attempt to get parsing info during refresh. "On-the-fly" syntax checking information may be incorrect. [C:\Users\dejvi\OneDrive\Plocha\FEKT VUT\2. letn\DE1\Hodiny v6\Hodiny v6.srcs\sources_1\new\minuty.vhd:]
WARNING: [filemgmt 56-199] Attempt to get parsing info during refresh. "On-the-fly" syntax checking information may be incorrect. [C:\Users\dejvi\OneDrive\Plocha\FEKT VUT\2. letn\DE1\Hodiny v6\Hodiny v6.srcs\sources_1\new\Hodiny.vhd:]
WARNING: [filemgmt 56-199] Attempt to get parsing info during refresh. "On-the-fly" syntax checking information may be incorrect. [C:\Users\dejvi\OneDrive\Plocha\FEKT VUT\2. letn\DE1\Hodiny v6\Hodiny v6.srcs\sources_1\new\Hodiny.vhd:]
WARNING: [filemgmt 56-199] Attempt to get parsing info during refresh. "On-the-fly" syntax checking information may be incorrect. [C:\Users\dejvi\OneDrive\Plocha\FEKT VUT\2. letn\DE1\Hodiny v6\Hodiny v6.srcs\sources_1\new\Hodiny.vhd:]
WARNING: [filemgmt 56-199] Attempt to get parsing info during refresh. "On-the-fly" syntax checking information may be incorrect. [C:\Users\dejvi\OneDrive\Plocha\FEKT VUT\2. letn\DE1\Hodiny v6\Hodiny v6.srcs\sources_1\new\sekundy.vhd:]
WARNING: [filemgmt 56-199] Attempt to get parsing info during refresh. "On-the-fly" syntax checking information may be incorrect. [C:\Users\dejvi\OneDrive\Plocha\FEKT VUT\2. letn\DE1\Hodiny v6\Hodiny v6.srcs\sources_1\new\minuty.vhd:]
WARNING: [filemgmt 56-199] Attempt to get parsing info during refresh. "On-the-fly" syntax checking information may be incorrect. [C:\Users\dejvi\OneDrive\Plocha\FEKT VUT\2. letn\DE1\Hodiny v6\Hodiny v6.srcs\sources_1\new\Hodiny.vhd:]
WARNING: [filemgmt 56-199] Attempt to get parsing info during refresh. "On-the-fly" syntax checking information may be incorrect. [C:\Users\dejvi\OneDrive\Plocha\FEKT VUT\2. letn\DE1\Hodiny v6\Hodiny v6.srcs\sources_1\new\sekundy.vhd:]
WARNING: [filemgmt 56-199] Attempt to get parsing info during refresh. "On-the-fly" syntax checking information may be incorrect. [C:\Users\dejvi\OneDrive\Plocha\FEKT VUT\2. letn\DE1\Hodiny v6\Hodiny v6.srcs\sources_1\new\sekundy.vhd:]
WARNING: [filemgmt 56-199] Attempt to get parsing info during refresh. "On-the-fly" syntax checking information may be incorrect. [C:\Users\dejvi\OneDrive\Plocha\FEKT VUT\2. letn\DE1\Hodiny v6\Hodiny v6.srcs\sources_1\new\sekundy.vhd:]
WARNING: [filemgmt 56-199] Attempt to get parsing info during refresh. "On-the-fly" syntax checking information may be incorrect. [C:\Users\dejvi\OneDrive\Plocha\FEKT VUT\2. letn\DE1\Hodiny v6\Hodiny v6.srcs\sources_1\new\minuty.vhd:]
WARNING: [filemgmt 56-199] Attempt to get parsing info during refresh. "On-the-fly" syntax checking information may be incorrect. [C:\Users\dejvi\OneDrive\Plocha\FEKT VUT\2. letn\DE1\Hodiny v6\Hodiny v6.srcs\sources_1\new\Hodiny.vhd:]
WARNING: [filemgmt 56-199] Attempt to get parsing info during refresh. "On-the-fly" syntax checking information may be incorrect. [C:\Users\dejvi\OneDrive\Plocha\FEKT VUT\2. letn\DE1\Hodiny v6\Hodiny v6.srcs\sources_1\new\minuty.vhd:]
WARNING: [filemgmt 56-199] Attempt to get parsing info during refresh. "On-the-fly" syntax checking information may be incorrect. [C:\Users\dejvi\OneDrive\Plocha\FEKT VUT\2. letn\DE1\Hodiny v6\Hodiny v6.srcs\sources_1\new\minuty.vhd:]
WARNING: [filemgmt 56-199] Attempt to get parsing info during refresh. "On-the-fly" syntax checking information may be incorrect. [C:\Users\dejvi\OneDrive\Plocha\FEKT VUT\2. letn\DE1\Hodiny v6\Hodiny v6.srcs\sources_1\new\sekundy.vhd:]
WARNING: [filemgmt 56-199] Attempt to get parsing info during refresh. "On-the-fly" syntax checking information may be incorrect. [C:\Users\dejvi\OneDrive\Plocha\FEKT VUT\2. letn\DE1\Hodiny v6\Hodiny v6.srcs\sources_1\new\minuty.vhd:]
WARNING: [filemgmt 56-199] Attempt to get parsing info during refresh. "On-the-fly" syntax checking information may be incorrect. [C:\Users\dejvi\OneDrive\Plocha\FEKT VUT\2. letn\DE1\Hodiny v6\Hodiny v6.srcs\sources_1\new\Hodiny.vhd:]
WARNING: [filemgmt 56-199] Attempt to get parsing info during refresh. "On-the-fly" syntax checking information may be incorrect. [C:\Users\dejvi\OneDrive\Plocha\FEKT VUT\2. letn\DE1\Hodiny v6\Hodiny v6.srcs\sources_1\new\sekundy.vhd:]
WARNING: [filemgmt 56-199] Attempt to get parsing info during refresh. "On-the-fly" syntax checking information may be incorrect. [C:\Users\dejvi\OneDrive\Plocha\FEKT VUT\2. letn\DE1\Hodiny v6\Hodiny v6.srcs\sources_1\new\sekundy.vhd:]
refresh_design
INFO: [Synth 8-7079] Multithreading enabled for synth_design using a maximum of 2 processes.
---------------------------------------------------------------------------------
Starting RTL Elaboration : Time (s): cpu = 00:00:07 ; elapsed = 00:00:06 . Memory (MB): peak = 2385.730 ; gain = 109.344
---------------------------------------------------------------------------------
INFO: [Synth 8-638] synthesizing module 'top_level' [C:/Users/dejvi/OneDrive/Plocha/FEKT VUT/2. letn/DE1/Hodiny v6/Hodiny v6.srcs/sources_1/new/toplevel.vhd:22]
INFO: [Synth 8-3491] module 'delicka_1Hz' declared at 'C:/Users/dejvi/OneDrive/Plocha/FEKT VUT/2. letn/DE1/Hodiny v6/Hodiny v6.srcs/sources_1/new/delicka_1Hz.vhd:5' bound to instance 'delicka_1Hz_inst' of component 'delicka_1Hz' [C:/Users/dejvi/OneDrive/Plocha/FEKT VUT/2. letn/DE1/Hodiny v6/Hodiny v6.srcs/sources_1/new/toplevel.vhd:178]
INFO: [Synth 8-638] synthesizing module 'delicka_1Hz' [C:/Users/dejvi/OneDrive/Plocha/FEKT VUT/2. letn/DE1/Hodiny v6/Hodiny v6.srcs/sources_1/new/delicka_1Hz.vhd:13]
INFO: [Synth 8-256] done synthesizing module 'delicka_1Hz' (0#1) [C:/Users/dejvi/OneDrive/Plocha/FEKT VUT/2. letn/DE1/Hodiny v6/Hodiny v6.srcs/sources_1/new/delicka_1Hz.vhd:13]
INFO: [Synth 8-3491] module 'delicka_1000Hz' declared at 'C:/Users/dejvi/OneDrive/Plocha/FEKT VUT/2. letn/DE1/Hodiny v6/Hodiny v6.srcs/sources_1/new/delicka_1000Hz.vhd:5' bound to instance 'delicka_1000Hz_inst' of component 'delicka_1000Hz' [C:/Users/dejvi/OneDrive/Plocha/FEKT VUT/2. letn/DE1/Hodiny v6/Hodiny v6.srcs/sources_1/new/toplevel.vhd:185]
INFO: [Synth 8-638] synthesizing module 'delicka_1000Hz' [C:/Users/dejvi/OneDrive/Plocha/FEKT VUT/2. letn/DE1/Hodiny v6/Hodiny v6.srcs/sources_1/new/delicka_1000Hz.vhd:13]
INFO: [Synth 8-256] done synthesizing module 'delicka_1000Hz' (0#1) [C:/Users/dejvi/OneDrive/Plocha/FEKT VUT/2. letn/DE1/Hodiny v6/Hodiny v6.srcs/sources_1/new/delicka_1000Hz.vhd:13]
INFO: [Synth 8-3491] module 'delicka_20Hz' declared at 'C:/Users/dejvi/OneDrive/Plocha/FEKT VUT/2. letn/DE1/Hodiny v6/Hodiny v6.srcs/sources_1/new/delicka_20Hz.vhd:5' bound to instance 'delicka_20Hz_inst' of component 'delicka_20Hz' [C:/Users/dejvi/OneDrive/Plocha/FEKT VUT/2. letn/DE1/Hodiny v6/Hodiny v6.srcs/sources_1/new/toplevel.vhd:191]
INFO: [Synth 8-638] synthesizing module 'delicka_20Hz' [C:/Users/dejvi/OneDrive/Plocha/FEKT VUT/2. letn/DE1/Hodiny v6/Hodiny v6.srcs/sources_1/new/delicka_20Hz.vhd:13]
INFO: [Synth 8-256] done synthesizing module 'delicka_20Hz' (0#1) [C:/Users/dejvi/OneDrive/Plocha/FEKT VUT/2. letn/DE1/Hodiny v6/Hodiny v6.srcs/sources_1/new/delicka_20Hz.vhd:13]
INFO: [Synth 8-3491] module 'hodiny_top' declared at 'C:/Users/dejvi/OneDrive/Plocha/FEKT VUT/2. letn/DE1/Hodiny v6/Hodiny v6.srcs/sources_1/new/hodiny_top.vhd:5' bound to instance 'hodiny_top_inst' of component 'hodiny_top' [C:/Users/dejvi/OneDrive/Plocha/FEKT VUT/2. letn/DE1/Hodiny v6/Hodiny v6.srcs/sources_1/new/toplevel.vhd:198]
INFO: [Synth 8-638] synthesizing module 'hodiny_top' [C:/Users/dejvi/OneDrive/Plocha/FEKT VUT/2. letn/DE1/Hodiny v6/Hodiny v6.srcs/sources_1/new/hodiny_top.vhd:22]
INFO: [Synth 8-3491] module 'KO' declared at 'C:/Users/dejvi/OneDrive/Plocha/FEKT VUT/2. letn/DE1/Hodiny v6/Hodiny v6.srcs/sources_1/new/KO.vhd:5' bound to instance 'KO_inst' of component 'KO' [C:/Users/dejvi/OneDrive/Plocha/FEKT VUT/2. letn/DE1/Hodiny v6/Hodiny v6.srcs/sources_1/new/hodiny_top.vhd:98]
INFO: [Synth 8-638] synthesizing module 'KO' [C:/Users/dejvi/OneDrive/Plocha/FEKT VUT/2. letn/DE1/Hodiny v6/Hodiny v6.srcs/sources_1/new/KO.vhd:20]
WARNING: [Synth 8-614] signal 'SW' is read in the process but is not in the sensitivity list [C:/Users/dejvi/OneDrive/Plocha/FEKT VUT/2. letn/DE1/Hodiny v6/Hodiny v6.srcs/sources_1/new/KO.vhd:24]
WARNING: [Synth 8-614] signal 'BTN_U' is read in the process but is not in the sensitivity list [C:/Users/dejvi/OneDrive/Plocha/FEKT VUT/2. letn/DE1/Hodiny v6/Hodiny v6.srcs/sources_1/new/KO.vhd:24]
WARNING: [Synth 8-614] signal 'BTN_D' is read in the process but is not in the sensitivity list [C:/Users/dejvi/OneDrive/Plocha/FEKT VUT/2. letn/DE1/Hodiny v6/Hodiny v6.srcs/sources_1/new/KO.vhd:24]
WARNING: [Synth 8-614] signal 'BTN_R' is read in the process but is not in the sensitivity list [C:/Users/dejvi/OneDrive/Plocha/FEKT VUT/2. letn/DE1/Hodiny v6/Hodiny v6.srcs/sources_1/new/KO.vhd:24]
WARNING: [Synth 8-614] signal 'BTN_R_prev' is read in the process but is not in the sensitivity list [C:/Users/dejvi/OneDrive/Plocha/FEKT VUT/2. letn/DE1/Hodiny v6/Hodiny v6.srcs/sources_1/new/KO.vhd:24]
WARNING: [Synth 8-614] signal 'cnt' is read in the process but is not in the sensitivity list [C:/Users/dejvi/OneDrive/Plocha/FEKT VUT/2. letn/DE1/Hodiny v6/Hodiny v6.srcs/sources_1/new/KO.vhd:24]
INFO: [Synth 8-256] done synthesizing module 'KO' (0#1) [C:/Users/dejvi/OneDrive/Plocha/FEKT VUT/2. letn/DE1/Hodiny v6/Hodiny v6.srcs/sources_1/new/KO.vhd:20]
INFO: [Synth 8-3491] module 'SecondsCounter' declared at 'C:/Users/dejvi/OneDrive/Plocha/FEKT VUT/2. letn/DE1/Hodiny v6/Hodiny v6.srcs/sources_1/new/sekundy.vhd:5' bound to instance 'second_counter_inst' of component 'SecondsCounter' [C:/Users/dejvi/OneDrive/Plocha/FEKT VUT/2. letn/DE1/Hodiny v6/Hodiny v6.srcs/sources_1/new/hodiny_top.vhd:112]
INFO: [Synth 8-638] synthesizing module 'SecondsCounter' [C:/Users/dejvi/OneDrive/Plocha/FEKT VUT/2. letn/DE1/Hodiny v6/Hodiny v6.srcs/sources_1/new/sekundy.vhd:18]
INFO: [Synth 8-256] done synthesizing module 'SecondsCounter' (0#1) [C:/Users/dejvi/OneDrive/Plocha/FEKT VUT/2. letn/DE1/Hodiny v6/Hodiny v6.srcs/sources_1/new/sekundy.vhd:18]
INFO: [Synth 8-3491] module 'MinutesCounter' declared at 'C:/Users/dejvi/OneDrive/Plocha/FEKT VUT/2. letn/DE1/Hodiny v6/Hodiny v6.srcs/sources_1/new/minuty.vhd:5' bound to instance 'minutes_counter_inst' of component 'MinutesCounter' [C:/Users/dejvi/OneDrive/Plocha/FEKT VUT/2. letn/DE1/Hodiny v6/Hodiny v6.srcs/sources_1/new/hodiny_top.vhd:124]
INFO: [Synth 8-638] synthesizing module 'MinutesCounter' [C:/Users/dejvi/OneDrive/Plocha/FEKT VUT/2. letn/DE1/Hodiny v6/Hodiny v6.srcs/sources_1/new/minuty.vhd:18]
INFO: [Synth 8-256] done synthesizing module 'MinutesCounter' (0#1) [C:/Users/dejvi/OneDrive/Plocha/FEKT VUT/2. letn/DE1/Hodiny v6/Hodiny v6.srcs/sources_1/new/minuty.vhd:18]
INFO: [Synth 8-3491] module 'HoursCounter' declared at 'C:/Users/dejvi/OneDrive/Plocha/FEKT VUT/2. letn/DE1/Hodiny v6/Hodiny v6.srcs/sources_1/new/Hodiny.vhd:5' bound to instance 'hours_counter_inst' of component 'HoursCounter' [C:/Users/dejvi/OneDrive/Plocha/FEKT VUT/2. letn/DE1/Hodiny v6/Hodiny v6.srcs/sources_1/new/hodiny_top.vhd:136]
INFO: [Synth 8-638] synthesizing module 'HoursCounter' [C:/Users/dejvi/OneDrive/Plocha/FEKT VUT/2. letn/DE1/Hodiny v6/Hodiny v6.srcs/sources_1/new/Hodiny.vhd:18]
INFO: [Synth 8-256] done synthesizing module 'HoursCounter' (0#1) [C:/Users/dejvi/OneDrive/Plocha/FEKT VUT/2. letn/DE1/Hodiny v6/Hodiny v6.srcs/sources_1/new/Hodiny.vhd:18]
INFO: [Synth 8-256] done synthesizing module 'hodiny_top' (0#1) [C:/Users/dejvi/OneDrive/Plocha/FEKT VUT/2. letn/DE1/Hodiny v6/Hodiny v6.srcs/sources_1/new/hodiny_top.vhd:22]
INFO: [Synth 8-3491] module 'hodiny_top' declared at 'C:/Users/dejvi/OneDrive/Plocha/FEKT VUT/2. letn/DE1/Hodiny v6/Hodiny v6.srcs/sources_1/new/hodiny_top.vhd:5' bound to instance 'alarm_top_inst' of component 'hodiny_top' [C:/Users/dejvi/OneDrive/Plocha/FEKT VUT/2. letn/DE1/Hodiny v6/Hodiny v6.srcs/sources_1/new/toplevel.vhd:214]
INFO: [Synth 8-3491] module 'stopwatch_controller' declared at 'C:/Users/dejvi/OneDrive/Plocha/FEKT VUT/2. letn/DE1/Hodiny v6/Hodiny v6.srcs/sources_1/new/stopwatch_controller.vhd:4' bound to instance 'stopwatch_cont_inst' of component 'stopwatch_controller' [C:/Users/dejvi/OneDrive/Plocha/FEKT VUT/2. letn/DE1/Hodiny v6/Hodiny v6.srcs/sources_1/new/toplevel.vhd:230]
INFO: [Synth 8-638] synthesizing module 'stopwatch_controller' [C:/Users/dejvi/OneDrive/Plocha/FEKT VUT/2. letn/DE1/Hodiny v6/Hodiny v6.srcs/sources_1/new/stopwatch_controller.vhd:13]
WARNING: [Synth 8-2897] clock signal used as data [C:/Users/dejvi/OneDrive/Plocha/FEKT VUT/2. letn/DE1/Hodiny v6/Hodiny v6.srcs/sources_1/new/stopwatch_controller.vhd:33]
INFO: [Synth 8-256] done synthesizing module 'stopwatch_controller' (0#1) [C:/Users/dejvi/OneDrive/Plocha/FEKT VUT/2. letn/DE1/Hodiny v6/Hodiny v6.srcs/sources_1/new/stopwatch_controller.vhd:13]
INFO: [Synth 8-3491] module 'hodiny_top' declared at 'C:/Users/dejvi/OneDrive/Plocha/FEKT VUT/2. letn/DE1/Hodiny v6/Hodiny v6.srcs/sources_1/new/hodiny_top.vhd:5' bound to instance 'stopwatch_top_inst' of component 'hodiny_top' [C:/Users/dejvi/OneDrive/Plocha/FEKT VUT/2. letn/DE1/Hodiny v6/Hodiny v6.srcs/sources_1/new/toplevel.vhd:238]
INFO: [Synth 8-3491] module 'selector' declared at 'C:/Users/dejvi/OneDrive/Plocha/FEKT VUT/2. letn/DE1/project_1/project_1.srcs/sources_1/new/selector.vhd:4' bound to instance 'selector_inst' of component 'selector' [C:/Users/dejvi/OneDrive/Plocha/FEKT VUT/2. letn/DE1/Hodiny v6/Hodiny v6.srcs/sources_1/new/toplevel.vhd:254]
INFO: [Synth 8-638] synthesizing module 'selector' [C:/Users/dejvi/OneDrive/Plocha/FEKT VUT/2. letn/DE1/project_1/project_1.srcs/sources_1/new/selector.vhd:22]
INFO: [Synth 8-256] done synthesizing module 'selector' (0#1) [C:/Users/dejvi/OneDrive/Plocha/FEKT VUT/2. letn/DE1/project_1/project_1.srcs/sources_1/new/selector.vhd:22]
INFO: [Synth 8-3491] module 'signal_control' declared at 'C:/Users/dejvi/OneDrive/Plocha/FEKT VUT/2. letn/DE1/Hodiny v6/Hodiny v6.srcs/sources_1/new/out_time.vhd:5' bound to instance 'signal_control_inst' of component 'signal_control' [C:/Users/dejvi/OneDrive/Plocha/FEKT VUT/2. letn/DE1/Hodiny v6/Hodiny v6.srcs/sources_1/new/toplevel.vhd:272]
INFO: [Synth 8-638] synthesizing module 'signal_control' [C:/Users/dejvi/OneDrive/Plocha/FEKT VUT/2. letn/DE1/Hodiny v6/Hodiny v6.srcs/sources_1/new/out_time.vhd:24]
INFO: [Synth 8-256] done synthesizing module 'signal_control' (0#1) [C:/Users/dejvi/OneDrive/Plocha/FEKT VUT/2. letn/DE1/Hodiny v6/Hodiny v6.srcs/sources_1/new/out_time.vhd:24]
INFO: [Synth 8-3491] module 'alarm_comp' declared at 'C:/Users/dejvi/OneDrive/Plocha/FEKT VUT/2. letn/DE1/Hodiny v6/Hodiny v6.srcs/sources_1/new/alarm_comp.vhd:5' bound to instance 'ala_comp_inst' of component 'alarm_comp' [C:/Users/dejvi/OneDrive/Plocha/FEKT VUT/2. letn/DE1/Hodiny v6/Hodiny v6.srcs/sources_1/new/toplevel.vhd:294]
INFO: [Synth 8-638] synthesizing module 'alarm_comp' [C:/Users/dejvi/OneDrive/Plocha/FEKT VUT/2. letn/DE1/Hodiny v6/Hodiny v6.srcs/sources_1/new/alarm_comp.vhd:18]
WARNING: [Synth 8-614] signal 'SW_ON' is read in the process but is not in the sensitivity list [C:/Users/dejvi/OneDrive/Plocha/FEKT VUT/2. letn/DE1/Hodiny v6/Hodiny v6.srcs/sources_1/new/alarm_comp.vhd:21]
INFO: [Synth 8-256] done synthesizing module 'alarm_comp' (0#1) [C:/Users/dejvi/OneDrive/Plocha/FEKT VUT/2. letn/DE1/Hodiny v6/Hodiny v6.srcs/sources_1/new/alarm_comp.vhd:18]
INFO: [Synth 8-3491] module 'bin2seg_digclk' declared at 'C:/Users/dejvi/OneDrive/Plocha/FEKT VUT/2. letn/DE1/Hodiny v6/Hodiny v6.srcs/sources_1/new/zobrazeni.vhd:5' bound to instance 'bin2seg_digclk_inst' of component 'bin2seg_digclk' [C:/Users/dejvi/OneDrive/Plocha/FEKT VUT/2. letn/DE1/Hodiny v6/Hodiny v6.srcs/sources_1/new/toplevel.vhd:308]
INFO: [Synth 8-638] synthesizing module 'bin2seg_digclk' [C:/Users/dejvi/OneDrive/Plocha/FEKT VUT/2. letn/DE1/Hodiny v6/Hodiny v6.srcs/sources_1/new/zobrazeni.vhd:19]
WARNING: [Synth 8-6044] Case expression and choice expression width mismatch, Case expression is 3 wide and choice expression is 2 wide [C:/Users/dejvi/OneDrive/Plocha/FEKT VUT/2. letn/DE1/Hodiny v6/Hodiny v6.srcs/sources_1/new/zobrazeni.vhd:58]
WARNING: [Synth 8-6044] Case expression and choice expression width mismatch, Case expression is 3 wide and choice expression is 2 wide [C:/Users/dejvi/OneDrive/Plocha/FEKT VUT/2. letn/DE1/Hodiny v6/Hodiny v6.srcs/sources_1/new/zobrazeni.vhd:59]
WARNING: [Synth 8-6044] Case expression and choice expression width mismatch, Case expression is 3 wide and choice expression is 2 wide [C:/Users/dejvi/OneDrive/Plocha/FEKT VUT/2. letn/DE1/Hodiny v6/Hodiny v6.srcs/sources_1/new/zobrazeni.vhd:60]
WARNING: [Synth 8-614] signal 'digit_idx' is read in the process but is not in the sensitivity list [C:/Users/dejvi/OneDrive/Plocha/FEKT VUT/2. letn/DE1/Hodiny v6/Hodiny v6.srcs/sources_1/new/zobrazeni.vhd:99]
WARNING: [Synth 8-614] signal 'blink_en' is read in the process but is not in the sensitivity list [C:/Users/dejvi/OneDrive/Plocha/FEKT VUT/2. letn/DE1/Hodiny v6/Hodiny v6.srcs/sources_1/new/zobrazeni.vhd:99]
WARNING: [Synth 8-614] signal 'hour_bcd_hi' is read in the process but is not in the sensitivity list [C:/Users/dejvi/OneDrive/Plocha/FEKT VUT/2. letn/DE1/Hodiny v6/Hodiny v6.srcs/sources_1/new/zobrazeni.vhd:99]
WARNING: [Synth 8-614] signal 'hour_bcd_lo' is read in the process but is not in the sensitivity list [C:/Users/dejvi/OneDrive/Plocha/FEKT VUT/2. letn/DE1/Hodiny v6/Hodiny v6.srcs/sources_1/new/zobrazeni.vhd:99]
WARNING: [Synth 8-614] signal 'min_bcd_hi' is read in the process but is not in the sensitivity list [C:/Users/dejvi/OneDrive/Plocha/FEKT VUT/2. letn/DE1/Hodiny v6/Hodiny v6.srcs/sources_1/new/zobrazeni.vhd:99]
WARNING: [Synth 8-614] signal 'min_bcd_lo' is read in the process but is not in the sensitivity list [C:/Users/dejvi/OneDrive/Plocha/FEKT VUT/2. letn/DE1/Hodiny v6/Hodiny v6.srcs/sources_1/new/zobrazeni.vhd:99]
WARNING: [Synth 8-614] signal 'sec_bcd_hi' is read in the process but is not in the sensitivity list [C:/Users/dejvi/OneDrive/Plocha/FEKT VUT/2. letn/DE1/Hodiny v6/Hodiny v6.srcs/sources_1/new/zobrazeni.vhd:99]
WARNING: [Synth 8-614] signal 'sec_bcd_lo' is read in the process but is not in the sensitivity list [C:/Users/dejvi/OneDrive/Plocha/FEKT VUT/2. letn/DE1/Hodiny v6/Hodiny v6.srcs/sources_1/new/zobrazeni.vhd:99]
INFO: [Synth 8-256] done synthesizing module 'bin2seg_digclk' (0#1) [C:/Users/dejvi/OneDrive/Plocha/FEKT VUT/2. letn/DE1/Hodiny v6/Hodiny v6.srcs/sources_1/new/zobrazeni.vhd:19]
INFO: [Synth 8-256] done synthesizing module 'top_level' (0#1) [C:/Users/dejvi/OneDrive/Plocha/FEKT VUT/2. letn/DE1/Hodiny v6/Hodiny v6.srcs/sources_1/new/toplevel.vhd:22]
WARNING: [Synth 8-7129] Port clk20Hz in module KO is either unconnected or has no load
---------------------------------------------------------------------------------
Finished RTL Elaboration : Time (s): cpu = 00:00:09 ; elapsed = 00:00:08 . Memory (MB): peak = 2494.484 ; gain = 218.098
---------------------------------------------------------------------------------
---------------------------------------------------------------------------------
Start Handling Custom Attributes
---------------------------------------------------------------------------------
---------------------------------------------------------------------------------
Finished Handling Custom Attributes : Time (s): cpu = 00:00:09 ; elapsed = 00:00:08 . Memory (MB): peak = 2494.484 ; gain = 218.098
---------------------------------------------------------------------------------
---------------------------------------------------------------------------------
Finished RTL Optimization Phase 1 : Time (s): cpu = 00:00:09 ; elapsed = 00:00:08 . Memory (MB): peak = 2494.484 ; gain = 218.098
---------------------------------------------------------------------------------
Netlist sorting complete. Time (s): cpu = 00:00:00 ; elapsed = 00:00:00.012 . Memory (MB): peak = 2494.484 ; gain = 0.000
INFO: [Project 1-570] Preparing netlist for logic optimization
refresh_design: Time (s): cpu = 00:00:11 ; elapsed = 00:00:10 . Memory (MB): peak = 2494.484 ; gain = 218.098
reset_run synth_1
launch_runs synth_1 -jobs 4
[Wed Apr 23 16:52:30 2025] Launched synth_1...
Run output will be captured here: C:/Users/dejvi/OneDrive/Plocha/FEKT VUT/2. letn/DE1/Hodiny v6/Hodiny v6.runs/synth_1/runme.log
launch_runs impl_1 -jobs 4
[Wed Apr 23 16:53:38 2025] Launched impl_1...
Run output will be captured here: C:/Users/dejvi/OneDrive/Plocha/FEKT VUT/2. letn/DE1/Hodiny v6/Hodiny v6.runs/impl_1/runme.log
close_design
open_run impl_1
Netlist sorting complete. Time (s): cpu = 00:00:00 ; elapsed = 00:00:00.004 . Memory (MB): peak = 2500.566 ; gain = 0.000
INFO: [Netlist 29-17] Analyzing 27 Unisim elements for replacement
INFO: [Netlist 29-28] Unisim Transformation completed in 0 CPU seconds
INFO: [Project 1-479] Netlist was created with Vivado 2024.2
INFO: [Project 1-570] Preparing netlist for logic optimization
Read ShapeDB Complete: Time (s): cpu = 00:00:00 ; elapsed = 00:00:00.004 . Memory (MB): peak = 2507.289 ; gain = 0.000
INFO: [Timing 38-478] Restoring timing data from binary archive.
INFO: [Timing 38-479] Binary timing data restore complete.
INFO: [Project 1-856] Restoring constraints from binary archive.
INFO: [Project 1-853] Binary constraint restore complete.
INFO: [Designutils 20-5722] Start Reading Physical Databases.
Reading placement.
Read Netlist Cache: Time (s): cpu = 00:00:00 ; elapsed = 00:00:00.001 . Memory (MB): peak = 2911.902 ; gain = 0.000
Reading placer database...
Read Device Cache: Time (s): cpu = 00:00:00 ; elapsed = 00:00:00.007 . Memory (MB): peak = 2911.902 ; gain = 0.000
Read PlaceDB: Time (s): cpu = 00:00:00 ; elapsed = 00:00:00.018 . Memory (MB): peak = 2911.902 ; gain = 0.000
Read PulsedLatchDB: Time (s): cpu = 00:00:00 ; elapsed = 00:00:00 . Memory (MB): peak = 2911.902 ; gain = 0.000
Reading routing.
Read RouteStorage: Time (s): cpu = 00:00:00 ; elapsed = 00:00:00.010 . Memory (MB): peak = 2911.902 ; gain = 0.000
Read Physdb Files: Time (s): cpu = 00:00:00 ; elapsed = 00:00:00.046 . Memory (MB): peak = 2911.902 ; gain = 0.000
Restored from archive | CPU: 0.000000 secs | Memory: 0.000000 MB |
Finished XDEF File Restore: Time (s): cpu = 00:00:00 ; elapsed = 00:00:00.047 . Memory (MB): peak = 2911.902 ; gain = 0.000
Netlist sorting complete. Time (s): cpu = 00:00:00 ; elapsed = 00:00:00.001 . Memory (MB): peak = 2911.902 ; gain = 0.000
INFO: [Project 1-111] Unisim Transformation Summary:
No Unisim elements were transformed.

open_run: Time (s): cpu = 00:00:12 ; elapsed = 00:00:10 . Memory (MB): peak = 2985.484 ; gain = 484.918
WARNING: [Timing 38-313] There are no user specified timing constraints. Timing constraints are needed for proper timing analysis.
report_methodology
Command: report_methodology
INFO: [Timing 38-35] Done setting XDC timing constraints.
INFO: [DRC 23-133] Running Methodology with 2 threads
Copyright 1986-2022 Xilinx, Inc. All Rights Reserved. Copyright 2022-2024 Advanced Micro Devices, Inc. All Rights Reserved.
---------------------------------------------------------------------------------------------------------------------------------------------
| Tool Version : Vivado v.2024.2 (win64) Build 5239630 Fri Nov 08 22:35:27 MST 2024
| Date         : Wed Apr 23 16:56:44 2025
| Host         : AsusZenBook03 running 64-bit major release  (build 9200)
| Command      : report_methodology
| Design       : top_level
| Device       : xc7a50ticsg324-1L
| Speed File   : -1L
| Design State : Fully Routed
---------------------------------------------------------------------------------------------------------------------------------------------

Report Methodology

Table of Contents
-----------------
1. REPORT SUMMARY
2. REPORT DETAILS

1. REPORT SUMMARY
-----------------
            Netlist: netlist
          Floorplan: impl_1
      Design limits: <entire design considered>
             Max checks: <unlimited>
             Checks found: 215
+-----------+------------------+--------------------------------+--------+
| Rule      | Severity         | Description                    | Checks |
+-----------+------------------+--------------------------------+--------+
| TIMING-17 | Critical Warning | Non-clocked sequential cell    | 206    |
| TIMING-20 | Warning          | Non-clocked latch              | 8      |
| LATCH-1   | Advisory         | Existing latches in the design | 1      |
+-----------+------------------+--------------------------------+--------+

2. REPORT DETAILS
-----------------
TIMING-17#1 Critical Warning
Non-clocked sequential cell  
The clock pin alarm_top_inst/hours_counter_inst/btn_d_prev_reg/C is not reached by a timing clock
Related violations: <none>

TIMING-17#2 Critical Warning
Non-clocked sequential cell  
The clock pin alarm_top_inst/hours_counter_inst/btn_u_prev_reg/C is not reached by a timing clock
Related violations: <none>

TIMING-17#3 Critical Warning
Non-clocked sequential cell  
The clock pin alarm_top_inst/hours_counter_inst/seconds_reg[0]/C is not reached by a timing clock
Related violations: <none>

TIMING-17#4 Critical Warning
Non-clocked sequential cell  
The clock pin alarm_top_inst/hours_counter_inst/seconds_reg[1]/C is not reached by a timing clock
Related violations: <none>

TIMING-17#5 Critical Warning
Non-clocked sequential cell  
The clock pin alarm_top_inst/hours_counter_inst/seconds_reg[2]/C is not reached by a timing clock
Related violations: <none>

TIMING-17#6 Critical Warning
Non-clocked sequential cell  
The clock pin alarm_top_inst/hours_counter_inst/seconds_reg[3]/C is not reached by a timing clock
Related violations: <none>

TIMING-17#7 Critical Warning
Non-clocked sequential cell  
The clock pin alarm_top_inst/hours_counter_inst/seconds_reg[4]/C is not reached by a timing clock
Related violations: <none>

TIMING-17#8 Critical Warning
Non-clocked sequential cell  
The clock pin alarm_top_inst/minutes_counter_inst/btn_d_prev_reg/C is not reached by a timing clock
Related violations: <none>

TIMING-17#9 Critical Warning
Non-clocked sequential cell  
The clock pin alarm_top_inst/minutes_counter_inst/btn_u_prev_reg/C is not reached by a timing clock
Related violations: <none>

TIMING-17#10 Critical Warning
Non-clocked sequential cell  
The clock pin alarm_top_inst/minutes_counter_inst/seconds_reg[0]/C is not reached by a timing clock
Related violations: <none>

TIMING-17#11 Critical Warning
Non-clocked sequential cell  
The clock pin alarm_top_inst/minutes_counter_inst/seconds_reg[1]/C is not reached by a timing clock
Related violations: <none>

TIMING-17#12 Critical Warning
Non-clocked sequential cell  
The clock pin alarm_top_inst/minutes_counter_inst/seconds_reg[2]/C is not reached by a timing clock
Related violations: <none>

TIMING-17#13 Critical Warning
Non-clocked sequential cell  
The clock pin alarm_top_inst/minutes_counter_inst/seconds_reg[3]/C is not reached by a timing clock
Related violations: <none>

TIMING-17#14 Critical Warning
Non-clocked sequential cell  
The clock pin alarm_top_inst/minutes_counter_inst/seconds_reg[4]/C is not reached by a timing clock
Related violations: <none>

TIMING-17#15 Critical Warning
Non-clocked sequential cell  
The clock pin alarm_top_inst/minutes_counter_inst/seconds_reg[5]/C is not reached by a timing clock
Related violations: <none>

TIMING-17#16 Critical Warning
Non-clocked sequential cell  
The clock pin alarm_top_inst/second_counter_inst/btn_d_prev_reg/C is not reached by a timing clock
Related violations: <none>

TIMING-17#17 Critical Warning
Non-clocked sequential cell  
The clock pin alarm_top_inst/second_counter_inst/btn_u_prev_reg/C is not reached by a timing clock
Related violations: <none>

TIMING-17#18 Critical Warning
Non-clocked sequential cell  
The clock pin alarm_top_inst/second_counter_inst/seconds_reg[0]/C is not reached by a timing clock
Related violations: <none>

TIMING-17#19 Critical Warning
Non-clocked sequential cell  
The clock pin alarm_top_inst/second_counter_inst/seconds_reg[1]/C is not reached by a timing clock
Related violations: <none>

TIMING-17#20 Critical Warning
Non-clocked sequential cell  
The clock pin alarm_top_inst/second_counter_inst/seconds_reg[2]/C is not reached by a timing clock
Related violations: <none>

TIMING-17#21 Critical Warning
Non-clocked sequential cell  
The clock pin alarm_top_inst/second_counter_inst/seconds_reg[3]/C is not reached by a timing clock
Related violations: <none>

TIMING-17#22 Critical Warning
Non-clocked sequential cell  
The clock pin alarm_top_inst/second_counter_inst/seconds_reg[4]/C is not reached by a timing clock
Related violations: <none>

TIMING-17#23 Critical Warning
Non-clocked sequential cell  
The clock pin alarm_top_inst/second_counter_inst/seconds_reg[5]/C is not reached by a timing clock
Related violations: <none>

TIMING-17#24 Critical Warning
Non-clocked sequential cell  
The clock pin bin2seg_digclk_inst/blink_cnt_reg[0]/C is not reached by a timing clock
Related violations: <none>

TIMING-17#25 Critical Warning
Non-clocked sequential cell  
The clock pin bin2seg_digclk_inst/blink_cnt_reg[10]/C is not reached by a timing clock
Related violations: <none>

TIMING-17#26 Critical Warning
Non-clocked sequential cell  
The clock pin bin2seg_digclk_inst/blink_cnt_reg[11]/C is not reached by a timing clock
Related violations: <none>

TIMING-17#27 Critical Warning
Non-clocked sequential cell  
The clock pin bin2seg_digclk_inst/blink_cnt_reg[12]/C is not reached by a timing clock
Related violations: <none>

TIMING-17#28 Critical Warning
Non-clocked sequential cell  
The clock pin bin2seg_digclk_inst/blink_cnt_reg[13]/C is not reached by a timing clock
Related violations: <none>

TIMING-17#29 Critical Warning
Non-clocked sequential cell  
The clock pin bin2seg_digclk_inst/blink_cnt_reg[14]/C is not reached by a timing clock
Related violations: <none>

TIMING-17#30 Critical Warning
Non-clocked sequential cell  
The clock pin bin2seg_digclk_inst/blink_cnt_reg[15]/C is not reached by a timing clock
Related violations: <none>

TIMING-17#31 Critical Warning
Non-clocked sequential cell  
The clock pin bin2seg_digclk_inst/blink_cnt_reg[16]/C is not reached by a timing clock
Related violations: <none>

TIMING-17#32 Critical Warning
Non-clocked sequential cell  
The clock pin bin2seg_digclk_inst/blink_cnt_reg[17]/C is not reached by a timing clock
Related violations: <none>

TIMING-17#33 Critical Warning
Non-clocked sequential cell  
The clock pin bin2seg_digclk_inst/blink_cnt_reg[18]/C is not reached by a timing clock
Related violations: <none>

TIMING-17#34 Critical Warning
Non-clocked sequential cell  
The clock pin bin2seg_digclk_inst/blink_cnt_reg[19]/C is not reached by a timing clock
Related violations: <none>

TIMING-17#35 Critical Warning
Non-clocked sequential cell  
The clock pin bin2seg_digclk_inst/blink_cnt_reg[1]/C is not reached by a timing clock
Related violations: <none>

TIMING-17#36 Critical Warning
Non-clocked sequential cell  
The clock pin bin2seg_digclk_inst/blink_cnt_reg[20]/C is not reached by a timing clock
Related violations: <none>

TIMING-17#37 Critical Warning
Non-clocked sequential cell  
The clock pin bin2seg_digclk_inst/blink_cnt_reg[21]/C is not reached by a timing clock
Related violations: <none>

TIMING-17#38 Critical Warning
Non-clocked sequential cell  
The clock pin bin2seg_digclk_inst/blink_cnt_reg[22]/C is not reached by a timing clock
Related violations: <none>

TIMING-17#39 Critical Warning
Non-clocked sequential cell  
The clock pin bin2seg_digclk_inst/blink_cnt_reg[23]/C is not reached by a timing clock
Related violations: <none>

TIMING-17#40 Critical Warning
Non-clocked sequential cell  
The clock pin bin2seg_digclk_inst/blink_cnt_reg[24]/C is not reached by a timing clock
Related violations: <none>

TIMING-17#41 Critical Warning
Non-clocked sequential cell  
The clock pin bin2seg_digclk_inst/blink_cnt_reg[25]/C is not reached by a timing clock
Related violations: <none>

TIMING-17#42 Critical Warning
Non-clocked sequential cell  
The clock pin bin2seg_digclk_inst/blink_cnt_reg[26]/C is not reached by a timing clock
Related violations: <none>

TIMING-17#43 Critical Warning
Non-clocked sequential cell  
The clock pin bin2seg_digclk_inst/blink_cnt_reg[27]/C is not reached by a timing clock
Related violations: <none>

TIMING-17#44 Critical Warning
Non-clocked sequential cell  
The clock pin bin2seg_digclk_inst/blink_cnt_reg[28]/C is not reached by a timing clock
Related violations: <none>

TIMING-17#45 Critical Warning
Non-clocked sequential cell  
The clock pin bin2seg_digclk_inst/blink_cnt_reg[29]/C is not reached by a timing clock
Related violations: <none>

TIMING-17#46 Critical Warning
Non-clocked sequential cell  
The clock pin bin2seg_digclk_inst/blink_cnt_reg[2]/C is not reached by a timing clock
Related violations: <none>

TIMING-17#47 Critical Warning
Non-clocked sequential cell  
The clock pin bin2seg_digclk_inst/blink_cnt_reg[30]/C is not reached by a timing clock
Related violations: <none>

TIMING-17#48 Critical Warning
Non-clocked sequential cell  
The clock pin bin2seg_digclk_inst/blink_cnt_reg[31]/C is not reached by a timing clock
Related violations: <none>

TIMING-17#49 Critical Warning
Non-clocked sequential cell  
The clock pin bin2seg_digclk_inst/blink_cnt_reg[3]/C is not reached by a timing clock
Related violations: <none>

TIMING-17#50 Critical Warning
Non-clocked sequential cell  
The clock pin bin2seg_digclk_inst/blink_cnt_reg[4]/C is not reached by a timing clock
Related violations: <none>

TIMING-17#51 Critical Warning
Non-clocked sequential cell  
The clock pin bin2seg_digclk_inst/blink_cnt_reg[5]/C is not reached by a timing clock
Related violations: <none>

TIMING-17#52 Critical Warning
Non-clocked sequential cell  
The clock pin bin2seg_digclk_inst/blink_cnt_reg[6]/C is not reached by a timing clock
Related violations: <none>

TIMING-17#53 Critical Warning
Non-clocked sequential cell  
The clock pin bin2seg_digclk_inst/blink_cnt_reg[7]/C is not reached by a timing clock
Related violations: <none>

TIMING-17#54 Critical Warning
Non-clocked sequential cell  
The clock pin bin2seg_digclk_inst/blink_cnt_reg[8]/C is not reached by a timing clock
Related violations: <none>

TIMING-17#55 Critical Warning
Non-clocked sequential cell  
The clock pin bin2seg_digclk_inst/blink_cnt_reg[9]/C is not reached by a timing clock
Related violations: <none>

TIMING-17#56 Critical Warning
Non-clocked sequential cell  
The clock pin bin2seg_digclk_inst/blink_en_reg/C is not reached by a timing clock
Related violations: <none>

TIMING-17#57 Critical Warning
Non-clocked sequential cell  
The clock pin bin2seg_digclk_inst/digit_idx_reg[0]/C is not reached by a timing clock
Related violations: <none>

TIMING-17#58 Critical Warning
Non-clocked sequential cell  
The clock pin bin2seg_digclk_inst/digit_idx_reg[1]/C is not reached by a timing clock
Related violations: <none>

TIMING-17#59 Critical Warning
Non-clocked sequential cell  
The clock pin bin2seg_digclk_inst/digit_idx_reg[2]/C is not reached by a timing clock
Related violations: <none>

TIMING-17#60 Critical Warning
Non-clocked sequential cell  
The clock pin delicka_1000Hz_inst/clk_out_reg/C is not reached by a timing clock
Related violations: <none>

TIMING-17#61 Critical Warning
Non-clocked sequential cell  
The clock pin delicka_1000Hz_inst/counter_reg[0]/C is not reached by a timing clock
Related violations: <none>

TIMING-17#62 Critical Warning
Non-clocked sequential cell  
The clock pin delicka_1000Hz_inst/counter_reg[10]/C is not reached by a timing clock
Related violations: <none>

TIMING-17#63 Critical Warning
Non-clocked sequential cell  
The clock pin delicka_1000Hz_inst/counter_reg[11]/C is not reached by a timing clock
Related violations: <none>

TIMING-17#64 Critical Warning
Non-clocked sequential cell  
The clock pin delicka_1000Hz_inst/counter_reg[12]/C is not reached by a timing clock
Related violations: <none>

TIMING-17#65 Critical Warning
Non-clocked sequential cell  
The clock pin delicka_1000Hz_inst/counter_reg[13]/C is not reached by a timing clock
Related violations: <none>

TIMING-17#66 Critical Warning
Non-clocked sequential cell  
The clock pin delicka_1000Hz_inst/counter_reg[14]/C is not reached by a timing clock
Related violations: <none>

TIMING-17#67 Critical Warning
Non-clocked sequential cell  
The clock pin delicka_1000Hz_inst/counter_reg[15]/C is not reached by a timing clock
Related violations: <none>

TIMING-17#68 Critical Warning
Non-clocked sequential cell  
The clock pin delicka_1000Hz_inst/counter_reg[1]/C is not reached by a timing clock
Related violations: <none>

TIMING-17#69 Critical Warning
Non-clocked sequential cell  
The clock pin delicka_1000Hz_inst/counter_reg[2]/C is not reached by a timing clock
Related violations: <none>

TIMING-17#70 Critical Warning
Non-clocked sequential cell  
The clock pin delicka_1000Hz_inst/counter_reg[3]/C is not reached by a timing clock
Related violations: <none>

TIMING-17#71 Critical Warning
Non-clocked sequential cell  
The clock pin delicka_1000Hz_inst/counter_reg[4]/C is not reached by a timing clock
Related violations: <none>

TIMING-17#72 Critical Warning
Non-clocked sequential cell  
The clock pin delicka_1000Hz_inst/counter_reg[5]/C is not reached by a timing clock
Related violations: <none>

TIMING-17#73 Critical Warning
Non-clocked sequential cell  
The clock pin delicka_1000Hz_inst/counter_reg[6]/C is not reached by a timing clock
Related violations: <none>

TIMING-17#74 Critical Warning
Non-clocked sequential cell  
The clock pin delicka_1000Hz_inst/counter_reg[7]/C is not reached by a timing clock
Related violations: <none>

TIMING-17#75 Critical Warning
Non-clocked sequential cell  
The clock pin delicka_1000Hz_inst/counter_reg[8]/C is not reached by a timing clock
Related violations: <none>

TIMING-17#76 Critical Warning
Non-clocked sequential cell  
The clock pin delicka_1000Hz_inst/counter_reg[9]/C is not reached by a timing clock
Related violations: <none>

TIMING-17#77 Critical Warning
Non-clocked sequential cell  
The clock pin delicka_1Hz_inst/clk_out_reg/C is not reached by a timing clock
Related violations: <none>

TIMING-17#78 Critical Warning
Non-clocked sequential cell  
The clock pin delicka_1Hz_inst/counter_reg[0]/C is not reached by a timing clock
Related violations: <none>

TIMING-17#79 Critical Warning
Non-clocked sequential cell  
The clock pin delicka_1Hz_inst/counter_reg[10]/C is not reached by a timing clock
Related violations: <none>

TIMING-17#80 Critical Warning
Non-clocked sequential cell  
The clock pin delicka_1Hz_inst/counter_reg[11]/C is not reached by a timing clock
Related violations: <none>

TIMING-17#81 Critical Warning
Non-clocked sequential cell  
The clock pin delicka_1Hz_inst/counter_reg[12]/C is not reached by a timing clock
Related violations: <none>

TIMING-17#82 Critical Warning
Non-clocked sequential cell  
The clock pin delicka_1Hz_inst/counter_reg[13]/C is not reached by a timing clock
Related violations: <none>

TIMING-17#83 Critical Warning
Non-clocked sequential cell  
The clock pin delicka_1Hz_inst/counter_reg[14]/C is not reached by a timing clock
Related violations: <none>

TIMING-17#84 Critical Warning
Non-clocked sequential cell  
The clock pin delicka_1Hz_inst/counter_reg[15]/C is not reached by a timing clock
Related violations: <none>

TIMING-17#85 Critical Warning
Non-clocked sequential cell  
The clock pin delicka_1Hz_inst/counter_reg[16]/C is not reached by a timing clock
Related violations: <none>

TIMING-17#86 Critical Warning
Non-clocked sequential cell  
The clock pin delicka_1Hz_inst/counter_reg[17]/C is not reached by a timing clock
Related violations: <none>

TIMING-17#87 Critical Warning
Non-clocked sequential cell  
The clock pin delicka_1Hz_inst/counter_reg[18]/C is not reached by a timing clock
Related violations: <none>

TIMING-17#88 Critical Warning
Non-clocked sequential cell  
The clock pin delicka_1Hz_inst/counter_reg[19]/C is not reached by a timing clock
Related violations: <none>

TIMING-17#89 Critical Warning
Non-clocked sequential cell  
The clock pin delicka_1Hz_inst/counter_reg[1]/C is not reached by a timing clock
Related violations: <none>

TIMING-17#90 Critical Warning
Non-clocked sequential cell  
The clock pin delicka_1Hz_inst/counter_reg[20]/C is not reached by a timing clock
Related violations: <none>

TIMING-17#91 Critical Warning
Non-clocked sequential cell  
The clock pin delicka_1Hz_inst/counter_reg[21]/C is not reached by a timing clock
Related violations: <none>

TIMING-17#92 Critical Warning
Non-clocked sequential cell  
The clock pin delicka_1Hz_inst/counter_reg[22]/C is not reached by a timing clock
Related violations: <none>

TIMING-17#93 Critical Warning
Non-clocked sequential cell  
The clock pin delicka_1Hz_inst/counter_reg[23]/C is not reached by a timing clock
Related violations: <none>

TIMING-17#94 Critical Warning
Non-clocked sequential cell  
The clock pin delicka_1Hz_inst/counter_reg[24]/C is not reached by a timing clock
Related violations: <none>

TIMING-17#95 Critical Warning
Non-clocked sequential cell  
The clock pin delicka_1Hz_inst/counter_reg[25]/C is not reached by a timing clock
Related violations: <none>

TIMING-17#96 Critical Warning
Non-clocked sequential cell  
The clock pin delicka_1Hz_inst/counter_reg[2]/C is not reached by a timing clock
Related violations: <none>

TIMING-17#97 Critical Warning
Non-clocked sequential cell  
The clock pin delicka_1Hz_inst/counter_reg[3]/C is not reached by a timing clock
Related violations: <none>

TIMING-17#98 Critical Warning
Non-clocked sequential cell  
The clock pin delicka_1Hz_inst/counter_reg[4]/C is not reached by a timing clock
Related violations: <none>

TIMING-17#99 Critical Warning
Non-clocked sequential cell  
The clock pin delicka_1Hz_inst/counter_reg[5]/C is not reached by a timing clock
Related violations: <none>

TIMING-17#100 Critical Warning
Non-clocked sequential cell  
The clock pin delicka_1Hz_inst/counter_reg[6]/C is not reached by a timing clock
Related violations: <none>

TIMING-17#101 Critical Warning
Non-clocked sequential cell  
The clock pin delicka_1Hz_inst/counter_reg[7]/C is not reached by a timing clock
Related violations: <none>

TIMING-17#102 Critical Warning
Non-clocked sequential cell  
The clock pin delicka_1Hz_inst/counter_reg[8]/C is not reached by a timing clock
Related violations: <none>

TIMING-17#103 Critical Warning
Non-clocked sequential cell  
The clock pin delicka_1Hz_inst/counter_reg[9]/C is not reached by a timing clock
Related violations: <none>

TIMING-17#104 Critical Warning
Non-clocked sequential cell  
The clock pin delicka_20Hz_inst/clk_out_reg/C is not reached by a timing clock
Related violations: <none>

TIMING-17#105 Critical Warning
Non-clocked sequential cell  
The clock pin delicka_20Hz_inst/counter_reg[0]/C is not reached by a timing clock
Related violations: <none>

TIMING-17#106 Critical Warning
Non-clocked sequential cell  
The clock pin delicka_20Hz_inst/counter_reg[10]/C is not reached by a timing clock
Related violations: <none>

TIMING-17#107 Critical Warning
Non-clocked sequential cell  
The clock pin delicka_20Hz_inst/counter_reg[11]/C is not reached by a timing clock
Related violations: <none>

TIMING-17#108 Critical Warning
Non-clocked sequential cell  
The clock pin delicka_20Hz_inst/counter_reg[12]/C is not reached by a timing clock
Related violations: <none>

TIMING-17#109 Critical Warning
Non-clocked sequential cell  
The clock pin delicka_20Hz_inst/counter_reg[13]/C is not reached by a timing clock
Related violations: <none>

TIMING-17#110 Critical Warning
Non-clocked sequential cell  
The clock pin delicka_20Hz_inst/counter_reg[14]/C is not reached by a timing clock
Related violations: <none>

TIMING-17#111 Critical Warning
Non-clocked sequential cell  
The clock pin delicka_20Hz_inst/counter_reg[15]/C is not reached by a timing clock
Related violations: <none>

TIMING-17#112 Critical Warning
Non-clocked sequential cell  
The clock pin delicka_20Hz_inst/counter_reg[16]/C is not reached by a timing clock
Related violations: <none>

TIMING-17#113 Critical Warning
Non-clocked sequential cell  
The clock pin delicka_20Hz_inst/counter_reg[17]/C is not reached by a timing clock
Related violations: <none>

TIMING-17#114 Critical Warning
Non-clocked sequential cell  
The clock pin delicka_20Hz_inst/counter_reg[18]/C is not reached by a timing clock
Related violations: <none>

TIMING-17#115 Critical Warning
Non-clocked sequential cell  
The clock pin delicka_20Hz_inst/counter_reg[19]/C is not reached by a timing clock
Related violations: <none>

TIMING-17#116 Critical Warning
Non-clocked sequential cell  
The clock pin delicka_20Hz_inst/counter_reg[1]/C is not reached by a timing clock
Related violations: <none>

TIMING-17#117 Critical Warning
Non-clocked sequential cell  
The clock pin delicka_20Hz_inst/counter_reg[20]/C is not reached by a timing clock
Related violations: <none>

TIMING-17#118 Critical Warning
Non-clocked sequential cell  
The clock pin delicka_20Hz_inst/counter_reg[21]/C is not reached by a timing clock
Related violations: <none>

TIMING-17#119 Critical Warning
Non-clocked sequential cell  
The clock pin delicka_20Hz_inst/counter_reg[2]/C is not reached by a timing clock
Related violations: <none>

TIMING-17#120 Critical Warning
Non-clocked sequential cell  
The clock pin delicka_20Hz_inst/counter_reg[3]/C is not reached by a timing clock
Related violations: <none>

TIMING-17#121 Critical Warning
Non-clocked sequential cell  
The clock pin delicka_20Hz_inst/counter_reg[4]/C is not reached by a timing clock
Related violations: <none>

TIMING-17#122 Critical Warning
Non-clocked sequential cell  
The clock pin delicka_20Hz_inst/counter_reg[5]/C is not reached by a timing clock
Related violations: <none>

TIMING-17#123 Critical Warning
Non-clocked sequential cell  
The clock pin delicka_20Hz_inst/counter_reg[6]/C is not reached by a timing clock
Related violations: <none>

TIMING-17#124 Critical Warning
Non-clocked sequential cell  
The clock pin delicka_20Hz_inst/counter_reg[7]/C is not reached by a timing clock
Related violations: <none>

TIMING-17#125 Critical Warning
Non-clocked sequential cell  
The clock pin delicka_20Hz_inst/counter_reg[8]/C is not reached by a timing clock
Related violations: <none>

TIMING-17#126 Critical Warning
Non-clocked sequential cell  
The clock pin delicka_20Hz_inst/counter_reg[9]/C is not reached by a timing clock
Related violations: <none>

TIMING-17#127 Critical Warning
Non-clocked sequential cell  
The clock pin hodiny_top_inst/hours_counter_inst/add_clk_prev_reg/C is not reached by a timing clock
Related violations: <none>

TIMING-17#128 Critical Warning
Non-clocked sequential cell  
The clock pin hodiny_top_inst/hours_counter_inst/btn_d_prev_reg/C is not reached by a timing clock
Related violations: <none>

TIMING-17#129 Critical Warning
Non-clocked sequential cell  
The clock pin hodiny_top_inst/hours_counter_inst/btn_u_prev_reg/C is not reached by a timing clock
Related violations: <none>

TIMING-17#130 Critical Warning
Non-clocked sequential cell  
The clock pin hodiny_top_inst/hours_counter_inst/seconds_reg[0]/C is not reached by a timing clock
Related violations: <none>

TIMING-17#131 Critical Warning
Non-clocked sequential cell  
The clock pin hodiny_top_inst/hours_counter_inst/seconds_reg[1]/C is not reached by a timing clock
Related violations: <none>

TIMING-17#132 Critical Warning
Non-clocked sequential cell  
The clock pin hodiny_top_inst/hours_counter_inst/seconds_reg[2]/C is not reached by a timing clock
Related violations: <none>

TIMING-17#133 Critical Warning
Non-clocked sequential cell  
The clock pin hodiny_top_inst/hours_counter_inst/seconds_reg[3]/C is not reached by a timing clock
Related violations: <none>

TIMING-17#134 Critical Warning
Non-clocked sequential cell  
The clock pin hodiny_top_inst/hours_counter_inst/seconds_reg[4]/C is not reached by a timing clock
Related violations: <none>

TIMING-17#135 Critical Warning
Non-clocked sequential cell  
The clock pin hodiny_top_inst/minutes_counter_inst/add_clk_prev_reg/C is not reached by a timing clock
Related violations: <none>

TIMING-17#136 Critical Warning
Non-clocked sequential cell  
The clock pin hodiny_top_inst/minutes_counter_inst/btn_d_prev_reg/C is not reached by a timing clock
Related violations: <none>

TIMING-17#137 Critical Warning
Non-clocked sequential cell  
The clock pin hodiny_top_inst/minutes_counter_inst/btn_u_prev_reg/C is not reached by a timing clock
Related violations: <none>

TIMING-17#138 Critical Warning
Non-clocked sequential cell  
The clock pin hodiny_top_inst/minutes_counter_inst/carry_reg_reg/C is not reached by a timing clock
Related violations: <none>

TIMING-17#139 Critical Warning
Non-clocked sequential cell  
The clock pin hodiny_top_inst/minutes_counter_inst/seconds_reg[0]/C is not reached by a timing clock
Related violations: <none>

TIMING-17#140 Critical Warning
Non-clocked sequential cell  
The clock pin hodiny_top_inst/minutes_counter_inst/seconds_reg[1]/C is not reached by a timing clock
Related violations: <none>

TIMING-17#141 Critical Warning
Non-clocked sequential cell  
The clock pin hodiny_top_inst/minutes_counter_inst/seconds_reg[2]/C is not reached by a timing clock
Related violations: <none>

TIMING-17#142 Critical Warning
Non-clocked sequential cell  
The clock pin hodiny_top_inst/minutes_counter_inst/seconds_reg[3]/C is not reached by a timing clock
Related violations: <none>

TIMING-17#143 Critical Warning
Non-clocked sequential cell  
The clock pin hodiny_top_inst/minutes_counter_inst/seconds_reg[4]/C is not reached by a timing clock
Related violations: <none>

TIMING-17#144 Critical Warning
Non-clocked sequential cell  
The clock pin hodiny_top_inst/minutes_counter_inst/seconds_reg[5]/C is not reached by a timing clock
Related violations: <none>

TIMING-17#145 Critical Warning
Non-clocked sequential cell  
The clock pin hodiny_top_inst/second_counter_inst/add_clk_prev_reg/C is not reached by a timing clock
Related violations: <none>

TIMING-17#146 Critical Warning
Non-clocked sequential cell  
The clock pin hodiny_top_inst/second_counter_inst/btn_d_prev_reg/C is not reached by a timing clock
Related violations: <none>

TIMING-17#147 Critical Warning
Non-clocked sequential cell  
The clock pin hodiny_top_inst/second_counter_inst/btn_u_prev_reg/C is not reached by a timing clock
Related violations: <none>

TIMING-17#148 Critical Warning
Non-clocked sequential cell  
The clock pin hodiny_top_inst/second_counter_inst/carry_reg_reg/C is not reached by a timing clock
Related violations: <none>

TIMING-17#149 Critical Warning
Non-clocked sequential cell  
The clock pin hodiny_top_inst/second_counter_inst/seconds_reg[0]/C is not reached by a timing clock
Related violations: <none>

TIMING-17#150 Critical Warning
Non-clocked sequential cell  
The clock pin hodiny_top_inst/second_counter_inst/seconds_reg[1]/C is not reached by a timing clock
Related violations: <none>

TIMING-17#151 Critical Warning
Non-clocked sequential cell  
The clock pin hodiny_top_inst/second_counter_inst/seconds_reg[2]/C is not reached by a timing clock
Related violations: <none>

TIMING-17#152 Critical Warning
Non-clocked sequential cell  
The clock pin hodiny_top_inst/second_counter_inst/seconds_reg[3]/C is not reached by a timing clock
Related violations: <none>

TIMING-17#153 Critical Warning
Non-clocked sequential cell  
The clock pin hodiny_top_inst/second_counter_inst/seconds_reg[4]/C is not reached by a timing clock
Related violations: <none>

TIMING-17#154 Critical Warning
Non-clocked sequential cell  
The clock pin hodiny_top_inst/second_counter_inst/seconds_reg[5]/C is not reached by a timing clock
Related violations: <none>

TIMING-17#155 Critical Warning
Non-clocked sequential cell  
The clock pin selector_inst/res_alarm_reg/C is not reached by a timing clock
Related violations: <none>

TIMING-17#156 Critical Warning
Non-clocked sequential cell  
The clock pin selector_inst/res_clock_reg/C is not reached by a timing clock
Related violations: <none>

TIMING-17#157 Critical Warning
Non-clocked sequential cell  
The clock pin selector_inst/res_stopwatch_reg/C is not reached by a timing clock
Related violations: <none>

TIMING-17#158 Critical Warning
Non-clocked sequential cell  
The clock pin selector_inst/set_alarm_reg/C is not reached by a timing clock
Related violations: <none>

TIMING-17#159 Critical Warning
Non-clocked sequential cell  
The clock pin selector_inst/set_clock_reg/C is not reached by a timing clock
Related violations: <none>

TIMING-17#160 Critical Warning
Non-clocked sequential cell  
The clock pin selector_inst/vec_dis_set_reg[0]/C is not reached by a timing clock
Related violations: <none>

TIMING-17#161 Critical Warning
Non-clocked sequential cell  
The clock pin selector_inst/vec_dis_set_reg[1]/C is not reached by a timing clock
Related violations: <none>

TIMING-17#162 Critical Warning
Non-clocked sequential cell  
The clock pin signal_control_inst/hour_out_reg[0]/C is not reached by a timing clock
Related violations: <none>

TIMING-17#163 Critical Warning
Non-clocked sequential cell  
The clock pin signal_control_inst/hour_out_reg[1]/C is not reached by a timing clock
Related violations: <none>

TIMING-17#164 Critical Warning
Non-clocked sequential cell  
The clock pin signal_control_inst/hour_out_reg[2]/C is not reached by a timing clock
Related violations: <none>

TIMING-17#165 Critical Warning
Non-clocked sequential cell  
The clock pin signal_control_inst/hour_out_reg[3]/C is not reached by a timing clock
Related violations: <none>

TIMING-17#166 Critical Warning
Non-clocked sequential cell  
The clock pin signal_control_inst/hour_out_reg[4]/C is not reached by a timing clock
Related violations: <none>

TIMING-17#167 Critical Warning
Non-clocked sequential cell  
The clock pin signal_control_inst/min_out_reg[0]/C is not reached by a timing clock
Related violations: <none>

TIMING-17#168 Critical Warning
Non-clocked sequential cell  
The clock pin signal_control_inst/min_out_reg[1]/C is not reached by a timing clock
Related violations: <none>

TIMING-17#169 Critical Warning
Non-clocked sequential cell  
The clock pin signal_control_inst/min_out_reg[2]/C is not reached by a timing clock
Related violations: <none>

TIMING-17#170 Critical Warning
Non-clocked sequential cell  
The clock pin signal_control_inst/min_out_reg[3]/C is not reached by a timing clock
Related violations: <none>

TIMING-17#171 Critical Warning
Non-clocked sequential cell  
The clock pin signal_control_inst/min_out_reg[4]/C is not reached by a timing clock
Related violations: <none>

TIMING-17#172 Critical Warning
Non-clocked sequential cell  
The clock pin signal_control_inst/min_out_reg[5]/C is not reached by a timing clock
Related violations: <none>

TIMING-17#173 Critical Warning
Non-clocked sequential cell  
The clock pin signal_control_inst/sec_out_reg[0]/C is not reached by a timing clock
Related violations: <none>

TIMING-17#174 Critical Warning
Non-clocked sequential cell  
The clock pin signal_control_inst/sec_out_reg[1]/C is not reached by a timing clock
Related violations: <none>

TIMING-17#175 Critical Warning
Non-clocked sequential cell  
The clock pin signal_control_inst/sec_out_reg[2]/C is not reached by a timing clock
Related violations: <none>

TIMING-17#176 Critical Warning
Non-clocked sequential cell  
The clock pin signal_control_inst/sec_out_reg[3]/C is not reached by a timing clock
Related violations: <none>

TIMING-17#177 Critical Warning
Non-clocked sequential cell  
The clock pin signal_control_inst/sec_out_reg[4]/C is not reached by a timing clock
Related violations: <none>

TIMING-17#178 Critical Warning
Non-clocked sequential cell  
The clock pin signal_control_inst/sec_out_reg[5]/C is not reached by a timing clock
Related violations: <none>

TIMING-17#179 Critical Warning
Non-clocked sequential cell  
The clock pin signal_control_inst/vector_out_reg[0]/C is not reached by a timing clock
Related violations: <none>

TIMING-17#180 Critical Warning
Non-clocked sequential cell  
The clock pin signal_control_inst/vector_out_reg[1]/C is not reached by a timing clock
Related violations: <none>

TIMING-17#181 Critical Warning
Non-clocked sequential cell  
The clock pin signal_control_inst/vector_out_reg[2]/C is not reached by a timing clock
Related violations: <none>

TIMING-17#182 Critical Warning
Non-clocked sequential cell  
The clock pin stopwatch_cont_inst/prev_btnc_reg/C is not reached by a timing clock
Related violations: <none>

TIMING-17#183 Critical Warning
Non-clocked sequential cell  
The clock pin stopwatch_cont_inst/sec_clk_reg/C is not reached by a timing clock
Related violations: <none>

TIMING-17#184 Critical Warning
Non-clocked sequential cell  
The clock pin stopwatch_cont_inst/toggle_state_reg/C is not reached by a timing clock
Related violations: <none>

TIMING-17#185 Critical Warning
Non-clocked sequential cell  
The clock pin stopwatch_top_inst/hours_counter_inst/add_clk_prev_reg/C is not reached by a timing clock
Related violations: <none>

TIMING-17#186 Critical Warning
Non-clocked sequential cell  
The clock pin stopwatch_top_inst/hours_counter_inst/seconds_reg[0]/C is not reached by a timing clock
Related violations: <none>

TIMING-17#187 Critical Warning
Non-clocked sequential cell  
The clock pin stopwatch_top_inst/hours_counter_inst/seconds_reg[1]/C is not reached by a timing clock
Related violations: <none>

TIMING-17#188 Critical Warning
Non-clocked sequential cell  
The clock pin stopwatch_top_inst/hours_counter_inst/seconds_reg[2]/C is not reached by a timing clock
Related violations: <none>

TIMING-17#189 Critical Warning
Non-clocked sequential cell  
The clock pin stopwatch_top_inst/hours_counter_inst/seconds_reg[3]/C is not reached by a timing clock
Related violations: <none>

TIMING-17#190 Critical Warning
Non-clocked sequential cell  
The clock pin stopwatch_top_inst/hours_counter_inst/seconds_reg[4]/C is not reached by a timing clock
Related violations: <none>

TIMING-17#191 Critical Warning
Non-clocked sequential cell  
The clock pin stopwatch_top_inst/minutes_counter_inst/add_clk_prev_reg/C is not reached by a timing clock
Related violations: <none>

TIMING-17#192 Critical Warning
Non-clocked sequential cell  
The clock pin stopwatch_top_inst/minutes_counter_inst/carry_reg_reg/C is not reached by a timing clock
Related violations: <none>

TIMING-17#193 Critical Warning
Non-clocked sequential cell  
The clock pin stopwatch_top_inst/minutes_counter_inst/seconds_reg[0]/C is not reached by a timing clock
Related violations: <none>

TIMING-17#194 Critical Warning
Non-clocked sequential cell  
The clock pin stopwatch_top_inst/minutes_counter_inst/seconds_reg[1]/C is not reached by a timing clock
Related violations: <none>

TIMING-17#195 Critical Warning
Non-clocked sequential cell  
The clock pin stopwatch_top_inst/minutes_counter_inst/seconds_reg[2]/C is not reached by a timing clock
Related violations: <none>

TIMING-17#196 Critical Warning
Non-clocked sequential cell  
The clock pin stopwatch_top_inst/minutes_counter_inst/seconds_reg[3]/C is not reached by a timing clock
Related violations: <none>

TIMING-17#197 Critical Warning
Non-clocked sequential cell  
The clock pin stopwatch_top_inst/minutes_counter_inst/seconds_reg[4]/C is not reached by a timing clock
Related violations: <none>

TIMING-17#198 Critical Warning
Non-clocked sequential cell  
The clock pin stopwatch_top_inst/minutes_counter_inst/seconds_reg[5]/C is not reached by a timing clock
Related violations: <none>

TIMING-17#199 Critical Warning
Non-clocked sequential cell  
The clock pin stopwatch_top_inst/second_counter_inst/add_clk_prev_reg/C is not reached by a timing clock
Related violations: <none>

TIMING-17#200 Critical Warning
Non-clocked sequential cell  
The clock pin stopwatch_top_inst/second_counter_inst/carry_reg_reg/C is not reached by a timing clock
Related violations: <none>

TIMING-17#201 Critical Warning
Non-clocked sequential cell  
The clock pin stopwatch_top_inst/second_counter_inst/seconds_reg[0]/C is not reached by a timing clock
Related violations: <none>

TIMING-17#202 Critical Warning
Non-clocked sequential cell  
The clock pin stopwatch_top_inst/second_counter_inst/seconds_reg[1]/C is not reached by a timing clock
Related violations: <none>

TIMING-17#203 Critical Warning
Non-clocked sequential cell  
The clock pin stopwatch_top_inst/second_counter_inst/seconds_reg[2]/C is not reached by a timing clock
Related violations: <none>

TIMING-17#204 Critical Warning
Non-clocked sequential cell  
The clock pin stopwatch_top_inst/second_counter_inst/seconds_reg[3]/C is not reached by a timing clock
Related violations: <none>

TIMING-17#205 Critical Warning
Non-clocked sequential cell  
The clock pin stopwatch_top_inst/second_counter_inst/seconds_reg[4]/C is not reached by a timing clock
Related violations: <none>

TIMING-17#206 Critical Warning
Non-clocked sequential cell  
The clock pin stopwatch_top_inst/second_counter_inst/seconds_reg[5]/C is not reached by a timing clock
Related violations: <none>

TIMING-20#1 Warning
Non-clocked latch  
The latch alarm_top_inst/KO_inst/BTN_R_prev_reg cannot be properly analyzed as its control pin alarm_top_inst/KO_inst/BTN_R_prev_reg/G is not reached by a timing clock
Related violations: <none>

TIMING-20#2 Warning
Non-clocked latch  
The latch alarm_top_inst/KO_inst/cnt_reg[0] cannot be properly analyzed as its control pin alarm_top_inst/KO_inst/cnt_reg[0]/G is not reached by a timing clock
Related violations: <none>

TIMING-20#3 Warning
Non-clocked latch  
The latch alarm_top_inst/KO_inst/cnt_reg[1] cannot be properly analyzed as its control pin alarm_top_inst/KO_inst/cnt_reg[1]/G is not reached by a timing clock
Related violations: <none>

TIMING-20#4 Warning
Non-clocked latch  
The latch alarm_top_inst/KO_inst/cnt_reg[2] cannot be properly analyzed as its control pin alarm_top_inst/KO_inst/cnt_reg[2]/G is not reached by a timing clock
Related violations: <none>

TIMING-20#5 Warning
Non-clocked latch  
The latch hodiny_top_inst/KO_inst/BTN_R_prev_reg cannot be properly analyzed as its control pin hodiny_top_inst/KO_inst/BTN_R_prev_reg/G is not reached by a timing clock
Related violations: <none>

TIMING-20#6 Warning
Non-clocked latch  
The latch hodiny_top_inst/KO_inst/cnt_reg[0] cannot be properly analyzed as its control pin hodiny_top_inst/KO_inst/cnt_reg[0]/G is not reached by a timing clock
Related violations: <none>

TIMING-20#7 Warning
Non-clocked latch  
The latch hodiny_top_inst/KO_inst/cnt_reg[1] cannot be properly analyzed as its control pin hodiny_top_inst/KO_inst/cnt_reg[1]/G is not reached by a timing clock
Related violations: <none>

TIMING-20#8 Warning
Non-clocked latch  
The latch hodiny_top_inst/KO_inst/cnt_reg[2] cannot be properly analyzed as its control pin hodiny_top_inst/KO_inst/cnt_reg[2]/G is not reached by a timing clock
Related violations: <none>

LATCH-1#1 Advisory
Existing latches in the design  
There are 8 latches found in the design. Inferred latches are often the result of HDL coding mistakes, such as incomplete if or case statements.
Related violations: <none>


report_methodology completed successfully
0
report_methodology -name ultrafast_methodology_1
Command: report_methodology -name ultrafast_methodology_1
INFO: [Timing 38-35] Done setting XDC timing constraints.
INFO: [Timing 38-35] Done setting XDC timing constraints.
INFO: [DRC 23-133] Running Methodology with 2 threads
report_methodology completed successfully
launch_runs impl_1 -to_step write_bitstream -jobs 4
[Wed Apr 23 16:58:04 2025] Launched impl_1...
Run output will be captured here: C:/Users/dejvi/OneDrive/Plocha/FEKT VUT/2. letn/DE1/Hodiny v6/Hodiny v6.runs/impl_1/runme.log
exit
INFO: [Common 17-206] Exiting Vivado at Wed Apr 23 17:04:28 2025...
